[2016-05-10 09:40:40] [error: (no data) select model_id, state from cardb_model  where series_id=1302 and model_name='2015款 40 TFSI quattro百万纪念乐享型' and state in (3,8) limit 0, 1]
[2016-05-10 09:40:40] [error: (no data) select model_id, state from cardb_model  where series_id=1302 and model_name='2015款 40 TFSI quattro 豪华型' and state in (3,8) limit 0, 1]
[2016-05-10 09:40:40] [error: (no data) select model_id, state from cardb_model  where series_id=1302 and model_name='2015款 35 TFSI 百万纪念智领型' and state in (3,8) limit 0, 1]
[2016-05-10 09:40:40] [error: (no data) select model_id, state from cardb_model  where series_id=1302 and model_name='2015款 35 TFSI 进取型' and state in (3,8) limit 0, 1]
[2016-05-10 09:40:40] [error: (no data) select model_id, state from cardb_model  where series_id=1302 and model_name='2015款 35 TFSI 百万纪念舒享型' and state in (3,8) limit 0, 1]
[2016-05-10 09:40:40] [error: (no data) select model_id, state from cardb_model  where series_id=1302 and model_name='2015款 35 TFSI 舒适型' and state in (3,8) limit 0, 1]
[2016-05-10 09:40:40] [error: (no data) select model_id, state from cardb_model  where series_id=1302 and model_name='2015款 35 TFSI quattro百万纪念进享型' and state in (3,8) limit 0, 1]
[2016-05-10 09:40:40] [error: (no data) select model_id, state from cardb_model  where series_id=1302 and model_name='2015款 35 TFSI quattro 技术型' and state in (3,8) limit 0, 1]
[2016-05-10 09:40:40] [error: (no data) select model_id, state from cardb_model  where series_id=1302 and model_name='2015款 35 TFSI quattro百万纪念舒享型' and state in (3,8) limit 0, 1]
[2016-05-10 09:40:40] [error: (no data) select model_id, state from cardb_model  where series_id=1302 and model_name='2015款 35 TFSI quattro 舒适型' and state in (3,8) limit 0, 1]
[2016-05-10 09:40:40] [error: (no data) select model_id, state from cardb_model  where series_id=1302 and model_name='2015款 35 TFSI quattro百万纪念乐享型' and state in (3,8) limit 0, 1]
[2016-05-10 09:40:40] [error: (no data) select model_id, state from cardb_model  where series_id=1302 and model_name='2015款 35 TFSI quattro 豪华型' and state in (3,8) limit 0, 1]
[2016-05-10 09:40:40] [error: (no data) select model_id, state from cardb_model  where series_id=1302 and model_name='2015款 30 TFSI 标准型' and state in (3,8) limit 0, 1]
[2016-05-10 09:40:40] [error: (no data) select model_id, state from cardb_model  where series_id=1302 and model_name='2015款 30 TFSI 进取型' and state in (3,8) limit 0, 1]
[2016-05-10 09:40:40] [error: (no data) select model_id, state from cardb_model  where series_id=1302 and model_name='2015款 30 TFSI 舒适型' and state in (3,8) limit 0, 1]
[2016-05-10 09:40:40] [error: (no data) select model_id, state from cardb_model  where series_id=1302 and model_name='2013款 40 TFSI quattro 豪华型' and state in (3,8) limit 0, 1]
[2016-05-10 09:40:40] [error: (no data) select model_id, state from cardb_model  where series_id=1302 and model_name='2013款 35 TFSI 进取型' and state in (3,8) limit 0, 1]
[2016-05-10 09:40:40] [error: (no data) select model_id, state from cardb_model  where series_id=1302 and model_name='2013款 35 TFSI 舒适型' and state in (3,8) limit 0, 1]
[2016-05-10 09:40:40] [error: (no data) select model_id, state from cardb_model  where series_id=1302 and model_name='2013款 35 TFSI quattro 技术型' and state in (3,8) limit 0, 1]
[2016-05-10 09:40:40] [error: (no data) select model_id, state from cardb_model  where series_id=1302 and model_name='2013款 35 TFSI quattro 舒适型' and state in (3,8) limit 0, 1]
[2016-05-10 09:40:40] [error: (no data) select model_id, state from cardb_model  where series_id=1302 and model_name='2013款 35 TFSI quattro 豪华型' and state in (3,8) limit 0, 1]
[2016-05-10 09:42:15] [update cardb_model set  state='9' where model_id=24779]
[2016-05-10 09:42:15] [update cardb_model set  state='9' where model_id=24780]
[2016-05-10 09:42:15] [error: (no data) select model_id, state from cardb_model  where series_id=1388 and model_name='2015款 MODEL S 70' and state in (3,8) limit 0, 1]
[2016-05-10 09:42:15] [error: (no data) select model_id, state from cardb_model  where series_id=1388 and model_name='2015款 MODEL S 70D' and state in (3,8) limit 0, 1]
[2016-05-10 09:42:15] [error: (no data) select model_id, state from cardb_model  where series_id=1388 and model_name='2015款 MODEL S 85' and state in (3,8) limit 0, 1]
[2016-05-10 09:42:15] [error: (no data) select model_id, state from cardb_model  where series_id=1388 and model_name='2015款 MODEL S 90' and state in (3,8) limit 0, 1]
[2016-05-10 09:42:15] [error: (no data) select model_id, state from cardb_model  where series_id=1388 and model_name='2015款 MODEL S 60D' and state in (3,8) limit 0, 1]
[2016-05-10 09:42:15] [error: (no data) select model_id, state from cardb_model  where series_id=1388 and model_name='2015款 MODEL S 60' and state in (3,8) limit 0, 1]
[2016-05-10 09:42:15] [error: (no data) select model_id, state from cardb_model  where series_id=1388 and model_name='2015款 MODEL S 90D' and state in (3,8) limit 0, 1]
[2016-05-10 09:42:15] [error: (no data) select model_id, state from cardb_model  where series_id=1388 and model_name='2015款 MODEL S 85D' and state in (3,8) limit 0, 1]
[2016-05-10 09:42:15] [error: (no data) select model_id, state from cardb_model  where series_id=1388 and model_name='2015款 MODEL S P85D' and state in (3,8) limit 0, 1]
[2016-05-10 09:42:15] [error: (no data) select model_id, state from cardb_model  where series_id=1388 and model_name='2015款 MODEL S P90D' and state in (3,8) limit 0, 1]
[2016-05-10 09:42:15] [error: (no data) select model_id, state from cardb_model  where series_id=1388 and model_name='2014款 MODEL S 60' and state in (3,8) limit 0, 1]
[2016-05-10 09:42:15] [error: (no data) select model_id, state from cardb_model  where series_id=1388 and model_name='2014款 MODEL S 85' and state in (3,8) limit 0, 1]
[2016-05-10 09:42:15] [error: (no data) select model_id, state from cardb_model  where series_id=1388 and model_name='2014款 MODEL S P85' and state in (3,8) limit 0, 1]
[2016-05-10 09:42:15] [error: (no data) select model_id, state from cardb_model  where series_id=1388 and model_name='2009款 Concept' and state in (3,8) limit 0, 1]
[2016-05-11 02:53:57] [error: (no data) select model_id, state from cardb_model  where series_id=1388 and model_name='2016款 MODEL S 70' and state in (3,8) limit 0, 1]
[2016-05-11 02:53:57] [error: (no data) select model_id, state from cardb_model  where series_id=1388 and model_name='2016款 MODEL S 70D' and state in (3,8) limit 0, 1]
[2016-05-11 02:53:57] [error: (no data) select model_id, state from cardb_model  where series_id=1388 and model_name='2015款 MODEL S 70' and state in (3,8) limit 0, 1]
[2016-05-11 02:53:57] [error: (no data) select model_id, state from cardb_model  where series_id=1388 and model_name='2015款 MODEL S 70D' and state in (3,8) limit 0, 1]
[2016-05-11 02:53:57] [error: (no data) select model_id, state from cardb_model  where series_id=1388 and model_name='2015款 MODEL S 85' and state in (3,8) limit 0, 1]
[2016-05-11 02:53:57] [error: (no data) select model_id, state from cardb_model  where series_id=1388 and model_name='2015款 MODEL S 90' and state in (3,8) limit 0, 1]
[2016-05-11 02:53:57] [error: (no data) select model_id, state from cardb_model  where series_id=1388 and model_name='2015款 MODEL S 60D' and state in (3,8) limit 0, 1]
[2016-05-11 02:53:57] [error: (no data) select model_id, state from cardb_model  where series_id=1388 and model_name='2015款 MODEL S 60' and state in (3,8) limit 0, 1]
[2016-05-11 02:53:57] [error: (no data) select model_id, state from cardb_model  where series_id=1388 and model_name='2015款 MODEL S 90D' and state in (3,8) limit 0, 1]
[2016-05-11 02:53:57] [error: (no data) select model_id, state from cardb_model  where series_id=1388 and model_name='2015款 MODEL S 85D' and state in (3,8) limit 0, 1]
[2016-05-11 02:53:57] [error: (no data) select model_id, state from cardb_model  where series_id=1388 and model_name='2015款 MODEL S P85D' and state in (3,8) limit 0, 1]
[2016-05-11 02:53:57] [error: (no data) select model_id, state from cardb_model  where series_id=1388 and model_name='2015款 MODEL S P90D' and state in (3,8) limit 0, 1]
[2016-05-11 02:53:58] [error: (no data) select model_id, state from cardb_model  where series_id=1388 and model_name='2014款 MODEL S 60' and state in (3,8) limit 0, 1]
[2016-05-11 02:53:58] [error: (no data) select model_id, state from cardb_model  where series_id=1388 and model_name='2014款 MODEL S 85' and state in (3,8) limit 0, 1]
[2016-05-11 02:53:58] [error: (no data) select model_id, state from cardb_model  where series_id=1388 and model_name='2014款 MODEL S P85' and state in (3,8) limit 0, 1]
[2016-05-11 02:53:58] [error: (no data) select model_id, state from cardb_model  where series_id=1388 and model_name='2009款 Concept' and state in (3,8) limit 0, 1]
[2016-05-16 10:04:44] [error: (no data) select model_id, state from cardb_model  where series_id=1126 and model_name='2013款 ST-H 限量版' and state in (3,8) limit 0, 1]
[2016-05-16 10:04:44] [update cardb_model set  state='9' where model_id=13698]
[2016-05-16 10:04:44] [update cardb_model set  state='9' where model_id=13699]
[2016-05-16 10:04:44] [error: (no data) select model_id, state from cardb_model  where series_id=1126 and model_name='2012款 Electric' and state in (3,8) limit 0, 1]
[2016-05-16 10:04:44] [error: (no data) select model_id, state from cardb_model  where series_id=1126 and model_name='2012款 基本型' and state in (3,8) limit 0, 1]
[2016-05-16 10:04:44] [error: (no data) select model_id, state from cardb_model  where series_id=1126 and model_name='2012款 Zetec S' and state in (3,8) limit 0, 1]
[2016-05-16 10:04:44] [error: (no data) select model_id, state from cardb_model  where series_id=1126 and model_name='2012款 1.0L EcoBoost' and state in (3,8) limit 0, 1]
[2016-05-16 10:04:44] [error: (no data) select model_id, state from cardb_model  where series_id=1126 and model_name='2012款 旅行版 ST' and state in (3,8) limit 0, 1]
[2016-05-16 10:04:44] [error: (no data) select model_id, state from cardb_model  where series_id=1126 and model_name='2012款 ST-R' and state in (3,8) limit 0, 1]
[2016-05-16 10:04:44] [error: (no data) select model_id, state from cardb_model  where series_id=1126 and model_name='2011款 三厢版' and state in (3,8) limit 0, 1]
[2016-05-16 10:04:44] [error: (no data) select model_id, state from cardb_model  where series_id=1126 and model_name='2011款 两厢版' and state in (3,8) limit 0, 1]
[2016-05-16 10:04:44] [error: (no data) select model_id, state from cardb_model  where series_id=1126 and model_name='2011款 旅行版' and state in (3,8) limit 0, 1]
[2016-05-16 10:04:44] [error: (no data) select model_id, state from cardb_model  where series_id=1126 and model_name='2011款 RS500' and state in (3,8) limit 0, 1]
[2016-05-16 10:04:44] [error: (no data) select model_id, state from cardb_model  where series_id=1126 and model_name='2011款 RS' and state in (3,8) limit 0, 1]
[2016-05-16 10:04:44] [error: (no data) select model_id, state from cardb_model  where series_id=1126 and model_name='2010款 ECOnetic' and state in (3,8) limit 0, 1]
[2016-05-16 10:04:44] [error: (no data) select model_id, state from cardb_model  where series_id=1126 and model_name='2009款 三厢版' and state in (3,8) limit 0, 1]
[2016-05-16 10:04:44] [error: (no data) select model_id, state from cardb_model  where series_id=1126 and model_name='2008款 RS' and state in (3,8) limit 0, 1]
[2016-05-16 10:04:44] [error: (no data) select model_id, state from cardb_model  where series_id=1126 and model_name='2008款 ST' and state in (3,8) limit 0, 1]
[2016-05-16 10:04:44] [error: (no data) select model_id, state from cardb_model  where series_id=1126 and model_name='以往经典版' and state in (3,8) limit 0, 1]
[2016-05-16 10:34:43] [error: (no data) select model_id, state from cardb_model  where series_id=1071 and model_name='2013款 1.6L 自动领先型' and state in (3,8) limit 0, 1]
[2016-05-16 10:34:43] [error: (no data) select model_id, state from cardb_model  where series_id=1071 and model_name='2013款 1.6L 自动尊贵型' and state in (3,8) limit 0, 1]
[2016-05-16 10:34:43] [error: (no data) select model_id, state from cardb_model  where series_id=1071 and model_name='2012款 1.8L 手动尊贵型' and state in (3,8) limit 0, 1]
[2016-05-16 10:34:43] [error: (no data) select model_id, state from cardb_model  where series_id=1071 and model_name='2012款 1.8L 自动尊贵型' and state in (3,8) limit 0, 1]
[2016-05-16 10:34:43] [error: (no data) select model_id, state from cardb_model  where series_id=1071 and model_name='2012款 1.6L 手动时尚型' and state in (3,8) limit 0, 1]
[2016-05-16 10:34:43] [error: (no data) select model_id, state from cardb_model  where series_id=1071 and model_name='2012款 1.6L 自动时尚型' and state in (3,8) limit 0, 1]
[2016-05-16 10:34:43] [error: (no data) select model_id, state from cardb_model  where series_id=1071 and model_name='2012款 1.6L 手动领先型' and state in (3,8) limit 0, 1]
[2016-05-16 10:34:43] [error: (no data) select model_id, state from cardb_model  where series_id=1071 and model_name='2012款 1.6L 自动领先型' and state in (3,8) limit 0, 1]
[2016-05-16 10:34:43] [error: (no data) select model_id, state from cardb_model  where series_id=1071 and model_name='2012款 1.6L 自动尊贵型' and state in (3,8) limit 0, 1]
[2016-05-16 10:36:49] [error: (no data) select model_id, state from cardb_model  where series_id=1071 and model_name='2013款 1.6L 自动领先型' and state in (3,8) limit 0, 1]
[2016-05-16 10:36:49] [error: (no data) select model_id, state from cardb_model  where series_id=1071 and model_name='2013款 1.6L 自动尊贵型' and state in (3,8) limit 0, 1]
[2016-05-16 10:36:49] [error: (no data) select model_id, state from cardb_model  where series_id=1071 and model_name='2012款 1.8L 手动尊贵型' and state in (3,8) limit 0, 1]
[2016-05-16 10:36:49] [error: (no data) select model_id, state from cardb_model  where series_id=1071 and model_name='2012款 1.8L 自动尊贵型' and state in (3,8) limit 0, 1]
[2016-05-16 10:36:49] [error: (no data) select model_id, state from cardb_model  where series_id=1071 and model_name='2012款 1.6L 手动时尚型' and state in (3,8) limit 0, 1]
[2016-05-16 10:36:49] [error: (no data) select model_id, state from cardb_model  where series_id=1071 and model_name='2012款 1.6L 自动时尚型' and state in (3,8) limit 0, 1]
[2016-05-16 10:36:49] [error: (no data) select model_id, state from cardb_model  where series_id=1071 and model_name='2012款 1.6L 手动领先型' and state in (3,8) limit 0, 1]
[2016-05-16 10:36:49] [error: (no data) select model_id, state from cardb_model  where series_id=1071 and model_name='2012款 1.6L 自动领先型' and state in (3,8) limit 0, 1]
[2016-05-16 10:36:49] [error: (no data) select model_id, state from cardb_model  where series_id=1071 and model_name='2012款 1.6L 自动尊贵型' and state in (3,8) limit 0, 1]
[2016-05-16 10:55:15] [error: (no data) select model_id, state from cardb_model  where series_id=1071 and model_name='2013款 1.6L 自动领先型' and state in (3,8) limit 0, 1]
[2016-05-16 10:55:15] [error: (no data) select model_id, state from cardb_model  where series_id=1071 and model_name='2013款 1.6L 自动尊贵型' and state in (3,8) limit 0, 1]
[2016-05-16 10:55:15] [error: (no data) select model_id, state from cardb_model  where series_id=1071 and model_name='2012款 1.8L 手动尊贵型' and state in (3,8) limit 0, 1]
[2016-05-16 10:55:15] [error: (no data) select model_id, state from cardb_model  where series_id=1071 and model_name='2012款 1.8L 自动尊贵型' and state in (3,8) limit 0, 1]
[2016-05-16 10:55:15] [error: (no data) select model_id, state from cardb_model  where series_id=1071 and model_name='2012款 1.6L 手动时尚型' and state in (3,8) limit 0, 1]
[2016-05-16 10:55:15] [error: (no data) select model_id, state from cardb_model  where series_id=1071 and model_name='2012款 1.6L 自动时尚型' and state in (3,8) limit 0, 1]
[2016-05-16 10:55:15] [error: (no data) select model_id, state from cardb_model  where series_id=1071 and model_name='2012款 1.6L 手动领先型' and state in (3,8) limit 0, 1]
[2016-05-16 10:55:15] [error: (no data) select model_id, state from cardb_model  where series_id=1071 and model_name='2012款 1.6L 自动领先型' and state in (3,8) limit 0, 1]
[2016-05-16 10:55:15] [error: (no data) select model_id, state from cardb_model  where series_id=1071 and model_name='2012款 1.6L 自动尊贵型' and state in (3,8) limit 0, 1]
[2016-05-16 10:58:09] [error: (no data) select model_id, state from cardb_model  where series_id=1071 and model_name='2013款 1.6L 自动领先型' and state in (3,8) limit 0, 1]
[2016-05-16 10:58:09] [error: (no data) select model_id, state from cardb_model  where series_id=1071 and model_name='2013款 1.6L 自动尊贵型' and state in (3,8) limit 0, 1]
[2016-05-16 10:58:09] [error: (no data) select model_id, state from cardb_model  where series_id=1071 and model_name='2012款 1.8L 手动尊贵型' and state in (3,8) limit 0, 1]
[2016-05-16 10:58:09] [error: (no data) select model_id, state from cardb_model  where series_id=1071 and model_name='2012款 1.8L 自动尊贵型' and state in (3,8) limit 0, 1]
[2016-05-16 10:58:09] [error: (no data) select model_id, state from cardb_model  where series_id=1071 and model_name='2012款 1.6L 手动时尚型' and state in (3,8) limit 0, 1]
[2016-05-16 10:58:09] [error: (no data) select model_id, state from cardb_model  where series_id=1071 and model_name='2012款 1.6L 自动时尚型' and state in (3,8) limit 0, 1]
[2016-05-16 10:58:09] [error: (no data) select model_id, state from cardb_model  where series_id=1071 and model_name='2012款 1.6L 手动领先型' and state in (3,8) limit 0, 1]
[2016-05-16 10:58:09] [error: (no data) select model_id, state from cardb_model  where series_id=1071 and model_name='2012款 1.6L 自动领先型' and state in (3,8) limit 0, 1]
[2016-05-16 10:58:09] [error: (no data) select model_id, state from cardb_model  where series_id=1071 and model_name='2012款 1.6L 自动尊贵型' and state in (3,8) limit 0, 1]
[2016-05-16 11:50:30] [error: (no data) select model_id, state from cardb_model  where series_id=1071 and model_name='2013款 1.6L 自动领先型' and state in (3,8) limit 0, 1]
[2016-05-16 11:50:30] [error: (no data) select model_id, state from cardb_model  where series_id=1071 and model_name='2013款 1.6L 自动尊贵型' and state in (3,8) limit 0, 1]
[2016-05-16 11:50:31] [error: (no data) select model_id, state from cardb_model  where series_id=1071 and model_name='2012款 1.8L 手动尊贵型' and state in (3,8) limit 0, 1]
[2016-05-16 11:50:31] [error: (no data) select model_id, state from cardb_model  where series_id=1071 and model_name='2012款 1.8L 自动尊贵型' and state in (3,8) limit 0, 1]
[2016-05-16 11:50:31] [error: (no data) select model_id, state from cardb_model  where series_id=1071 and model_name='2012款 1.6L 手动时尚型' and state in (3,8) limit 0, 1]
[2016-05-16 11:50:31] [error: (no data) select model_id, state from cardb_model  where series_id=1071 and model_name='2012款 1.6L 自动时尚型' and state in (3,8) limit 0, 1]
[2016-05-16 11:50:31] [error: (no data) select model_id, state from cardb_model  where series_id=1071 and model_name='2012款 1.6L 手动领先型' and state in (3,8) limit 0, 1]
[2016-05-16 11:50:31] [error: (no data) select model_id, state from cardb_model  where series_id=1071 and model_name='2012款 1.6L 自动领先型' and state in (3,8) limit 0, 1]
[2016-05-16 11:50:31] [error: (no data) select model_id, state from cardb_model  where series_id=1071 and model_name='2012款 1.6L 自动尊贵型' and state in (3,8) limit 0, 1]
[2016-05-16 12:21:34] [error: (no data) select model_id, state from cardb_model  where series_id=1071 and model_name='2013款 1.6L 自动领先型' and state in (3,8) limit 0, 1]
[2016-05-16 12:21:34] [error: (no data) select model_id, state from cardb_model  where series_id=1071 and model_name='2013款 1.6L 自动尊贵型' and state in (3,8) limit 0, 1]
[2016-05-16 12:21:34] [error: (no data) select model_id, state from cardb_model  where series_id=1071 and model_name='2012款 1.8L 手动尊贵型' and state in (3,8) limit 0, 1]
[2016-05-16 12:21:34] [error: (no data) select model_id, state from cardb_model  where series_id=1071 and model_name='2012款 1.8L 自动尊贵型' and state in (3,8) limit 0, 1]
[2016-05-16 12:21:34] [error: (no data) select model_id, state from cardb_model  where series_id=1071 and model_name='2012款 1.6L 手动时尚型' and state in (3,8) limit 0, 1]
[2016-05-16 12:21:34] [error: (no data) select model_id, state from cardb_model  where series_id=1071 and model_name='2012款 1.6L 自动时尚型' and state in (3,8) limit 0, 1]
[2016-05-16 12:21:34] [error: (no data) select model_id, state from cardb_model  where series_id=1071 and model_name='2012款 1.6L 手动领先型' and state in (3,8) limit 0, 1]
[2016-05-16 12:21:34] [error: (no data) select model_id, state from cardb_model  where series_id=1071 and model_name='2012款 1.6L 自动领先型' and state in (3,8) limit 0, 1]
[2016-05-16 12:21:34] [error: (no data) select model_id, state from cardb_model  where series_id=1071 and model_name='2012款 1.6L 自动尊贵型' and state in (3,8) limit 0, 1]
[2016-05-16 12:23:11] [error: (no data) select model_id, state from cardb_model  where series_id=1071 and model_name='2013款 1.6L 自动领先型' and state in (3,8) limit 0, 1]
[2016-05-16 12:23:11] [error: (no data) select model_id, state from cardb_model  where series_id=1071 and model_name='2013款 1.6L 自动尊贵型' and state in (3,8) limit 0, 1]
[2016-05-16 12:23:11] [error: (no data) select model_id, state from cardb_model  where series_id=1071 and model_name='2012款 1.8L 手动尊贵型' and state in (3,8) limit 0, 1]
[2016-05-16 12:23:11] [error: (no data) select model_id, state from cardb_model  where series_id=1071 and model_name='2012款 1.8L 自动尊贵型' and state in (3,8) limit 0, 1]
[2016-05-16 12:23:11] [error: (no data) select model_id, state from cardb_model  where series_id=1071 and model_name='2012款 1.6L 手动时尚型' and state in (3,8) limit 0, 1]
[2016-05-16 12:23:11] [error: (no data) select model_id, state from cardb_model  where series_id=1071 and model_name='2012款 1.6L 自动时尚型' and state in (3,8) limit 0, 1]
[2016-05-16 12:23:11] [error: (no data) select model_id, state from cardb_model  where series_id=1071 and model_name='2012款 1.6L 手动领先型' and state in (3,8) limit 0, 1]
[2016-05-16 12:23:11] [error: (no data) select model_id, state from cardb_model  where series_id=1071 and model_name='2012款 1.6L 自动领先型' and state in (3,8) limit 0, 1]
[2016-05-16 12:23:11] [error: (no data) select model_id, state from cardb_model  where series_id=1071 and model_name='2012款 1.6L 自动尊贵型' and state in (3,8) limit 0, 1]
[2016-05-16 12:23:33] [error: (no data) select model_id, state from cardb_model  where series_id=1071 and model_name='2013款 1.6L 自动领先型' and state in (3,8) limit 0, 1]
[2016-05-16 12:23:33] [error: (no data) select model_id, state from cardb_model  where series_id=1071 and model_name='2013款 1.6L 自动尊贵型' and state in (3,8) limit 0, 1]
[2016-05-16 12:23:33] [error: (no data) select model_id, state from cardb_model  where series_id=1071 and model_name='2012款 1.8L 手动尊贵型' and state in (3,8) limit 0, 1]
[2016-05-16 12:23:33] [error: (no data) select model_id, state from cardb_model  where series_id=1071 and model_name='2012款 1.8L 自动尊贵型' and state in (3,8) limit 0, 1]
[2016-05-16 12:23:33] [error: (no data) select model_id, state from cardb_model  where series_id=1071 and model_name='2012款 1.6L 手动时尚型' and state in (3,8) limit 0, 1]
[2016-05-16 12:23:33] [error: (no data) select model_id, state from cardb_model  where series_id=1071 and model_name='2012款 1.6L 自动时尚型' and state in (3,8) limit 0, 1]
[2016-05-16 12:23:33] [error: (no data) select model_id, state from cardb_model  where series_id=1071 and model_name='2012款 1.6L 手动领先型' and state in (3,8) limit 0, 1]
[2016-05-16 12:23:33] [error: (no data) select model_id, state from cardb_model  where series_id=1071 and model_name='2012款 1.6L 自动领先型' and state in (3,8) limit 0, 1]
[2016-05-16 12:23:33] [error: (no data) select model_id, state from cardb_model  where series_id=1071 and model_name='2012款 1.6L 自动尊贵型' and state in (3,8) limit 0, 1]
[2016-05-16 12:42:04] [error: (no data) select model_id, state from cardb_model  where series_id=1071 and model_name='2013款 1.6L 自动领先型' and state in (3,8) limit 0, 1]
[2016-05-16 12:42:04] [error: (no data) select model_id, state from cardb_model  where series_id=1071 and model_name='2013款 1.6L 自动尊贵型' and state in (3,8) limit 0, 1]
[2016-05-16 12:42:04] [error: (no data) select model_id, state from cardb_model  where series_id=1071 and model_name='2012款 1.8L 手动尊贵型' and state in (3,8) limit 0, 1]
[2016-05-16 12:42:04] [error: (no data) select model_id, state from cardb_model  where series_id=1071 and model_name='2012款 1.8L 自动尊贵型' and state in (3,8) limit 0, 1]
[2016-05-16 12:42:04] [error: (no data) select model_id, state from cardb_model  where series_id=1071 and model_name='2012款 1.6L 手动时尚型' and state in (3,8) limit 0, 1]
[2016-05-16 12:42:04] [error: (no data) select model_id, state from cardb_model  where series_id=1071 and model_name='2012款 1.6L 自动时尚型' and state in (3,8) limit 0, 1]
[2016-05-16 12:42:04] [error: (no data) select model_id, state from cardb_model  where series_id=1071 and model_name='2012款 1.6L 手动领先型' and state in (3,8) limit 0, 1]
[2016-05-16 12:42:04] [error: (no data) select model_id, state from cardb_model  where series_id=1071 and model_name='2012款 1.6L 自动领先型' and state in (3,8) limit 0, 1]
[2016-05-16 12:42:04] [error: (no data) select model_id, state from cardb_model  where series_id=1071 and model_name='2012款 1.6L 自动尊贵型' and state in (3,8) limit 0, 1]
[2016-05-16 01:18:41] [error: (no data) select model_id, state from cardb_model  where series_id=1071 and model_name='2013款 1.6L 自动领先型' and state in (3,8) limit 0, 1]
[2016-05-16 01:18:41] [error: (no data) select model_id, state from cardb_model  where series_id=1071 and model_name='2013款 1.6L 自动尊贵型' and state in (3,8) limit 0, 1]
[2016-05-16 01:18:41] [error: (no data) select model_id, state from cardb_model  where series_id=1071 and model_name='2012款 1.8L 手动尊贵型' and state in (3,8) limit 0, 1]
[2016-05-16 01:18:42] [error: (no data) select model_id, state from cardb_model  where series_id=1071 and model_name='2012款 1.8L 自动尊贵型' and state in (3,8) limit 0, 1]
[2016-05-16 01:18:42] [error: (no data) select model_id, state from cardb_model  where series_id=1071 and model_name='2012款 1.6L 手动时尚型' and state in (3,8) limit 0, 1]
[2016-05-16 01:18:42] [error: (no data) select model_id, state from cardb_model  where series_id=1071 and model_name='2012款 1.6L 自动时尚型' and state in (3,8) limit 0, 1]
[2016-05-16 01:18:42] [error: (no data) select model_id, state from cardb_model  where series_id=1071 and model_name='2012款 1.6L 手动领先型' and state in (3,8) limit 0, 1]
[2016-05-16 01:18:42] [error: (no data) select model_id, state from cardb_model  where series_id=1071 and model_name='2012款 1.6L 自动领先型' and state in (3,8) limit 0, 1]
[2016-05-16 01:18:42] [error: (no data) select model_id, state from cardb_model  where series_id=1071 and model_name='2012款 1.6L 自动尊贵型' and state in (3,8) limit 0, 1]
[2016-05-16 01:21:36] [error: (no data) select model_id, state from cardb_model  where series_id=1071 and model_name='2013款 1.6L 自动领先型' and state in (3,8) limit 0, 1]
[2016-05-16 01:21:36] [error: (no data) select model_id, state from cardb_model  where series_id=1071 and model_name='2013款 1.6L 自动尊贵型' and state in (3,8) limit 0, 1]
[2016-05-16 01:21:36] [error: (no data) select model_id, state from cardb_model  where series_id=1071 and model_name='2012款 1.8L 手动尊贵型' and state in (3,8) limit 0, 1]
[2016-05-16 01:21:36] [error: (no data) select model_id, state from cardb_model  where series_id=1071 and model_name='2012款 1.8L 自动尊贵型' and state in (3,8) limit 0, 1]
[2016-05-16 01:21:36] [error: (no data) select model_id, state from cardb_model  where series_id=1071 and model_name='2012款 1.6L 手动时尚型' and state in (3,8) limit 0, 1]
[2016-05-16 01:21:36] [error: (no data) select model_id, state from cardb_model  where series_id=1071 and model_name='2012款 1.6L 自动时尚型' and state in (3,8) limit 0, 1]
[2016-05-16 01:21:36] [error: (no data) select model_id, state from cardb_model  where series_id=1071 and model_name='2012款 1.6L 手动领先型' and state in (3,8) limit 0, 1]
[2016-05-16 01:21:36] [error: (no data) select model_id, state from cardb_model  where series_id=1071 and model_name='2012款 1.6L 自动领先型' and state in (3,8) limit 0, 1]
[2016-05-16 01:21:36] [error: (no data) select model_id, state from cardb_model  where series_id=1071 and model_name='2012款 1.6L 自动尊贵型' and state in (3,8) limit 0, 1]
[2016-05-16 01:41:45] [error: (no data) select model_id, state from cardb_model  where series_id=1071 and model_name='2013款 1.6L 自动领先型' and state in (3,8) limit 0, 1]
[2016-05-16 01:41:45] [error: (no data) select model_id, state from cardb_model  where series_id=1071 and model_name='2013款 1.6L 自动尊贵型' and state in (3,8) limit 0, 1]
[2016-05-16 01:41:46] [error: (no data) select model_id, state from cardb_model  where series_id=1071 and model_name='2012款 1.8L 手动尊贵型' and state in (3,8) limit 0, 1]
[2016-05-16 01:41:46] [error: (no data) select model_id, state from cardb_model  where series_id=1071 and model_name='2012款 1.8L 自动尊贵型' and state in (3,8) limit 0, 1]
[2016-05-16 01:41:46] [error: (no data) select model_id, state from cardb_model  where series_id=1071 and model_name='2012款 1.6L 手动时尚型' and state in (3,8) limit 0, 1]
[2016-05-16 01:41:46] [error: (no data) select model_id, state from cardb_model  where series_id=1071 and model_name='2012款 1.6L 自动时尚型' and state in (3,8) limit 0, 1]
[2016-05-16 01:41:46] [error: (no data) select model_id, state from cardb_model  where series_id=1071 and model_name='2012款 1.6L 手动领先型' and state in (3,8) limit 0, 1]
[2016-05-16 01:41:46] [error: (no data) select model_id, state from cardb_model  where series_id=1071 and model_name='2012款 1.6L 自动领先型' and state in (3,8) limit 0, 1]
[2016-05-16 01:41:47] [error: (no data) select model_id, state from cardb_model  where series_id=1071 and model_name='2012款 1.6L 自动尊贵型' and state in (3,8) limit 0, 1]
[2016-05-16 02:53:50] [error: (no data) select model_id, state from cardb_model  where series_id=1071 and model_name='2013款 1.6L 自动领先型' and state in (3,8) limit 0, 1]
[2016-05-16 02:53:50] [error: (no data) select model_id, state from cardb_model  where series_id=1071 and model_name='2013款 1.6L 自动尊贵型' and state in (3,8) limit 0, 1]
[2016-05-16 02:53:50] [error: (no data) select model_id, state from cardb_model  where series_id=1071 and model_name='2012款 1.8L 手动尊贵型' and state in (3,8) limit 0, 1]
[2016-05-16 02:53:50] [error: (no data) select model_id, state from cardb_model  where series_id=1071 and model_name='2012款 1.8L 自动尊贵型' and state in (3,8) limit 0, 1]
[2016-05-16 02:53:50] [error: (no data) select model_id, state from cardb_model  where series_id=1071 and model_name='2012款 1.6L 手动时尚型' and state in (3,8) limit 0, 1]
[2016-05-16 02:53:50] [error: (no data) select model_id, state from cardb_model  where series_id=1071 and model_name='2012款 1.6L 自动时尚型' and state in (3,8) limit 0, 1]
[2016-05-16 02:53:50] [error: (no data) select model_id, state from cardb_model  where series_id=1071 and model_name='2012款 1.6L 手动领先型' and state in (3,8) limit 0, 1]
[2016-05-16 02:53:50] [error: (no data) select model_id, state from cardb_model  where series_id=1071 and model_name='2012款 1.6L 自动领先型' and state in (3,8) limit 0, 1]
[2016-05-16 02:53:50] [error: (no data) select model_id, state from cardb_model  where series_id=1071 and model_name='2012款 1.6L 自动尊贵型' and state in (3,8) limit 0, 1]
[2016-05-16 02:55:04] [error: (no data) select model_id, state from cardb_model  where series_id=1071 and model_name='2013款 1.6L 自动领先型' and state in (3,8) limit 0, 1]
[2016-05-16 02:55:04] [error: (no data) select model_id, state from cardb_model  where series_id=1071 and model_name='2013款 1.6L 自动尊贵型' and state in (3,8) limit 0, 1]
[2016-05-16 02:55:04] [error: (no data) select model_id, state from cardb_model  where series_id=1071 and model_name='2012款 1.8L 手动尊贵型' and state in (3,8) limit 0, 1]
[2016-05-16 02:55:04] [error: (no data) select model_id, state from cardb_model  where series_id=1071 and model_name='2012款 1.8L 自动尊贵型' and state in (3,8) limit 0, 1]
[2016-05-16 02:55:04] [error: (no data) select model_id, state from cardb_model  where series_id=1071 and model_name='2012款 1.6L 手动时尚型' and state in (3,8) limit 0, 1]
[2016-05-16 02:55:04] [error: (no data) select model_id, state from cardb_model  where series_id=1071 and model_name='2012款 1.6L 自动时尚型' and state in (3,8) limit 0, 1]
[2016-05-16 02:55:04] [error: (no data) select model_id, state from cardb_model  where series_id=1071 and model_name='2012款 1.6L 手动领先型' and state in (3,8) limit 0, 1]
[2016-05-16 02:55:04] [error: (no data) select model_id, state from cardb_model  where series_id=1071 and model_name='2012款 1.6L 自动领先型' and state in (3,8) limit 0, 1]
[2016-05-16 02:55:04] [error: (no data) select model_id, state from cardb_model  where series_id=1071 and model_name='2012款 1.6L 自动尊贵型' and state in (3,8) limit 0, 1]
[2016-05-16 03:12:25] [error: (no data) select model_id, state from cardb_model  where series_id=1071 and model_name='2013款 1.6L 自动领先型' and state in (3,8) limit 0, 1]
[2016-05-16 03:12:25] [error: (no data) select model_id, state from cardb_model  where series_id=1071 and model_name='2013款 1.6L 自动尊贵型' and state in (3,8) limit 0, 1]
[2016-05-16 03:12:25] [error: (no data) select model_id, state from cardb_model  where series_id=1071 and model_name='2012款 1.8L 手动尊贵型' and state in (3,8) limit 0, 1]
[2016-05-16 03:12:25] [error: (no data) select model_id, state from cardb_model  where series_id=1071 and model_name='2012款 1.8L 自动尊贵型' and state in (3,8) limit 0, 1]
[2016-05-16 03:12:25] [error: (no data) select model_id, state from cardb_model  where series_id=1071 and model_name='2012款 1.6L 手动时尚型' and state in (3,8) limit 0, 1]
[2016-05-16 03:12:25] [error: (no data) select model_id, state from cardb_model  where series_id=1071 and model_name='2012款 1.6L 自动时尚型' and state in (3,8) limit 0, 1]
[2016-05-16 03:12:25] [error: (no data) select model_id, state from cardb_model  where series_id=1071 and model_name='2012款 1.6L 手动领先型' and state in (3,8) limit 0, 1]
[2016-05-16 03:12:25] [error: (no data) select model_id, state from cardb_model  where series_id=1071 and model_name='2012款 1.6L 自动领先型' and state in (3,8) limit 0, 1]
[2016-05-16 03:12:25] [error: (no data) select model_id, state from cardb_model  where series_id=1071 and model_name='2012款 1.6L 自动尊贵型' and state in (3,8) limit 0, 1]
[2016-05-16 03:13:51] [error: (no data) select model_id, state from cardb_model  where series_id=1071 and model_name='2013款 1.6L 自动领先型' and state in (3,8) limit 0, 1]
[2016-05-16 03:13:51] [error: (no data) select model_id, state from cardb_model  where series_id=1071 and model_name='2013款 1.6L 自动尊贵型' and state in (3,8) limit 0, 1]
[2016-05-16 03:13:51] [error: (no data) select model_id, state from cardb_model  where series_id=1071 and model_name='2012款 1.8L 手动尊贵型' and state in (3,8) limit 0, 1]
[2016-05-16 03:13:51] [error: (no data) select model_id, state from cardb_model  where series_id=1071 and model_name='2012款 1.8L 自动尊贵型' and state in (3,8) limit 0, 1]
[2016-05-16 03:13:51] [error: (no data) select model_id, state from cardb_model  where series_id=1071 and model_name='2012款 1.6L 手动时尚型' and state in (3,8) limit 0, 1]
[2016-05-16 03:13:51] [error: (no data) select model_id, state from cardb_model  where series_id=1071 and model_name='2012款 1.6L 自动时尚型' and state in (3,8) limit 0, 1]
[2016-05-16 03:13:51] [error: (no data) select model_id, state from cardb_model  where series_id=1071 and model_name='2012款 1.6L 手动领先型' and state in (3,8) limit 0, 1]
[2016-05-16 03:13:51] [error: (no data) select model_id, state from cardb_model  where series_id=1071 and model_name='2012款 1.6L 自动领先型' and state in (3,8) limit 0, 1]
[2016-05-16 03:13:51] [error: (no data) select model_id, state from cardb_model  where series_id=1071 and model_name='2012款 1.6L 自动尊贵型' and state in (3,8) limit 0, 1]
[2016-05-16 03:27:50] [error: (no data) select model_id, state from cardb_model  where series_id=1398 and model_name='2013款 三厢 1.4L 自动标准型GL' and state in (3,8) limit 0, 1]
[2016-05-16 03:27:50] [error: (no data) select model_id, state from cardb_model  where series_id=1398 and model_name='2011款 两厢 1.6L 自动尊贵型GLS' and state in (3,8) limit 0, 1]
[2016-05-16 03:27:50] [error: (no data) select model_id, state from cardb_model  where series_id=1398 and model_name='2011款 两厢 1.4L 手动标准型GL' and state in (3,8) limit 0, 1]
[2016-05-16 03:27:50] [error: (no data) select model_id, state from cardb_model  where series_id=1398 and model_name='2011款 两厢 1.4L 手动舒适型GS' and state in (3,8) limit 0, 1]
[2016-05-16 03:27:50] [error: (no data) select model_id, state from cardb_model  where series_id=1398 and model_name='2011款 两厢 1.4L 手动豪华型GLS' and state in (3,8) limit 0, 1]
[2016-05-16 03:27:50] [error: (no data) select model_id, state from cardb_model  where series_id=1398 and model_name='2011款 两厢 1.4L 自动舒适型GS' and state in (3,8) limit 0, 1]
[2016-05-16 03:27:50] [error: (no data) select model_id, state from cardb_model  where series_id=1398 and model_name='2011款 两厢 1.4L 手动STYLE型' and state in (3,8) limit 0, 1]
[2016-05-16 03:27:50] [error: (no data) select model_id, state from cardb_model  where series_id=1398 and model_name='2011款 两厢 1.4L 自动时尚型GT' and state in (3,8) limit 0, 1]
[2016-05-16 03:27:50] [error: (no data) select model_id, state from cardb_model  where series_id=1398 and model_name='2011款 两厢 1.4L 自动豪华型GLS' and state in (3,8) limit 0, 1]
[2016-05-16 03:27:50] [error: (no data) select model_id, state from cardb_model  where series_id=1398 and model_name='2011款 两厢 1.4L 自动STYLE型' and state in (3,8) limit 0, 1]
[2016-05-16 03:27:50] [error: (no data) select model_id, state from cardb_model  where series_id=1398 and model_name='2010款 三厢 1.6L 自动尊贵型GLS' and state in (3,8) limit 0, 1]
[2016-05-16 03:27:50] [error: (no data) select model_id, state from cardb_model  where series_id=1398 and model_name='2010款 三厢 1.4L 手动标准型GL' and state in (3,8) limit 0, 1]
[2016-05-16 03:27:50] [error: (no data) select model_id, state from cardb_model  where series_id=1398 and model_name='2010款 三厢 1.4L 手动舒适型GS' and state in (3,8) limit 0, 1]
[2016-05-16 03:27:50] [error: (no data) select model_id, state from cardb_model  where series_id=1398 and model_name='2010款 三厢 1.4L 手动豪华型GLS' and state in (3,8) limit 0, 1]
[2016-05-16 03:27:50] [error: (no data) select model_id, state from cardb_model  where series_id=1398 and model_name='2010款 三厢 1.4L 自动舒适型GS' and state in (3,8) limit 0, 1]
[2016-05-16 03:27:50] [error: (no data) select model_id, state from cardb_model  where series_id=1398 and model_name='2010款 三厢 1.4L 手动BLUE型' and state in (3,8) limit 0, 1]
[2016-05-16 03:27:50] [error: (no data) select model_id, state from cardb_model  where series_id=1398 and model_name='2010款 三厢 1.4L 自动时尚型GT' and state in (3,8) limit 0, 1]
[2016-05-16 03:27:50] [error: (no data) select model_id, state from cardb_model  where series_id=1398 and model_name='2010款 三厢 1.4L 自动豪华型GLS' and state in (3,8) limit 0, 1]
[2016-05-16 03:27:50] [error: (no data) select model_id, state from cardb_model  where series_id=1398 and model_name='2010款 三厢 1.4L 自动BLUE型' and state in (3,8) limit 0, 1]
[2016-05-16 03:34:45] [error: (no data) select model_id, state from cardb_model  where series_id=1126 and model_name='2013款 ST-H 限量版' and state in (3,8) limit 0, 1]
[2016-05-16 03:34:45] [error: (no data) select model_id, state from cardb_model  where series_id=1126 and model_name='2013款 2.0T ST 标准版' and state in (3,8) limit 0, 1]
[2016-05-16 03:34:45] [error: (no data) select model_id, state from cardb_model  where series_id=1126 and model_name='2013款 2.0T ST 橙色版' and state in (3,8) limit 0, 1]
[2016-05-16 03:34:45] [error: (no data) select model_id, state from cardb_model  where series_id=1126 and model_name='2012款 Electric' and state in (3,8) limit 0, 1]
[2016-05-16 03:34:45] [error: (no data) select model_id, state from cardb_model  where series_id=1126 and model_name='2012款 基本型' and state in (3,8) limit 0, 1]
[2016-05-16 03:34:45] [error: (no data) select model_id, state from cardb_model  where series_id=1126 and model_name='2012款 Zetec S' and state in (3,8) limit 0, 1]
[2016-05-16 03:34:45] [error: (no data) select model_id, state from cardb_model  where series_id=1126 and model_name='2012款 1.0L EcoBoost' and state in (3,8) limit 0, 1]
[2016-05-16 03:34:45] [error: (no data) select model_id, state from cardb_model  where series_id=1126 and model_name='2012款 旅行版 ST' and state in (3,8) limit 0, 1]
[2016-05-16 03:34:45] [error: (no data) select model_id, state from cardb_model  where series_id=1126 and model_name='2012款 ST-R' and state in (3,8) limit 0, 1]
[2016-05-16 03:34:45] [error: (no data) select model_id, state from cardb_model  where series_id=1126 and model_name='2011款 三厢版' and state in (3,8) limit 0, 1]
[2016-05-16 03:34:45] [error: (no data) select model_id, state from cardb_model  where series_id=1126 and model_name='2011款 两厢版' and state in (3,8) limit 0, 1]
[2016-05-16 03:34:45] [error: (no data) select model_id, state from cardb_model  where series_id=1126 and model_name='2011款 旅行版' and state in (3,8) limit 0, 1]
[2016-05-16 03:34:45] [error: (no data) select model_id, state from cardb_model  where series_id=1126 and model_name='2011款 RS500' and state in (3,8) limit 0, 1]
[2016-05-16 03:34:45] [error: (no data) select model_id, state from cardb_model  where series_id=1126 and model_name='2011款 RS' and state in (3,8) limit 0, 1]
[2016-05-16 03:34:45] [error: (no data) select model_id, state from cardb_model  where series_id=1126 and model_name='2010款 ECOnetic' and state in (3,8) limit 0, 1]
[2016-05-16 03:34:45] [error: (no data) select model_id, state from cardb_model  where series_id=1126 and model_name='2009款 三厢版' and state in (3,8) limit 0, 1]
[2016-05-16 03:34:45] [error: (no data) select model_id, state from cardb_model  where series_id=1126 and model_name='2008款 RS' and state in (3,8) limit 0, 1]
[2016-05-16 03:34:45] [error: (no data) select model_id, state from cardb_model  where series_id=1126 and model_name='2008款 ST' and state in (3,8) limit 0, 1]
[2016-05-16 03:34:46] [error: (no data) select model_id, state from cardb_model  where series_id=1126 and model_name='以往经典版' and state in (3,8) limit 0, 1]
[2016-05-16 03:40:24] [error: (no data) select model_id, state from cardb_model  where series_id=1126 and model_name='2013款 ST-H 限量版' and state in (3,8) limit 0, 1]
[2016-05-16 03:40:24] [error: (no data) select model_id, state from cardb_model  where series_id=1126 and model_name='2013款 2.0T ST 标准版' and state in (3,8) limit 0, 1]
[2016-05-16 03:40:25] [error: (no data) select model_id, state from cardb_model  where series_id=1126 and model_name='2013款 2.0T ST 橙色版' and state in (3,8) limit 0, 1]
[2016-05-16 03:40:25] [error: (no data) select model_id, state from cardb_model  where series_id=1126 and model_name='2012款 Electric' and state in (3,8) limit 0, 1]
[2016-05-16 03:40:25] [error: (no data) select model_id, state from cardb_model  where series_id=1126 and model_name='2012款 基本型' and state in (3,8) limit 0, 1]
[2016-05-16 03:40:25] [error: (no data) select model_id, state from cardb_model  where series_id=1126 and model_name='2012款 Zetec S' and state in (3,8) limit 0, 1]
[2016-05-16 03:40:25] [error: (no data) select model_id, state from cardb_model  where series_id=1126 and model_name='2012款 1.0L EcoBoost' and state in (3,8) limit 0, 1]
[2016-05-16 03:40:25] [error: (no data) select model_id, state from cardb_model  where series_id=1126 and model_name='2012款 旅行版 ST' and state in (3,8) limit 0, 1]
[2016-05-16 03:40:25] [error: (no data) select model_id, state from cardb_model  where series_id=1126 and model_name='2012款 ST-R' and state in (3,8) limit 0, 1]
[2016-05-16 03:40:25] [error: (no data) select model_id, state from cardb_model  where series_id=1126 and model_name='2011款 三厢版' and state in (3,8) limit 0, 1]
[2016-05-16 03:40:25] [error: (no data) select model_id, state from cardb_model  where series_id=1126 and model_name='2011款 两厢版' and state in (3,8) limit 0, 1]
[2016-05-16 03:40:25] [error: (no data) select model_id, state from cardb_model  where series_id=1126 and model_name='2011款 旅行版' and state in (3,8) limit 0, 1]
[2016-05-16 03:40:25] [error: (no data) select model_id, state from cardb_model  where series_id=1126 and model_name='2011款 RS500' and state in (3,8) limit 0, 1]
[2016-05-16 03:40:25] [error: (no data) select model_id, state from cardb_model  where series_id=1126 and model_name='2011款 RS' and state in (3,8) limit 0, 1]
[2016-05-16 03:40:25] [error: (no data) select model_id, state from cardb_model  where series_id=1126 and model_name='2010款 ECOnetic' and state in (3,8) limit 0, 1]
[2016-05-16 03:40:25] [error: (no data) select model_id, state from cardb_model  where series_id=1126 and model_name='2009款 三厢版' and state in (3,8) limit 0, 1]
[2016-05-16 03:40:25] [error: (no data) select model_id, state from cardb_model  where series_id=1126 and model_name='2008款 RS' and state in (3,8) limit 0, 1]
[2016-05-16 03:40:25] [error: (no data) select model_id, state from cardb_model  where series_id=1126 and model_name='2008款 ST' and state in (3,8) limit 0, 1]
[2016-05-16 03:40:26] [error: (no data) select model_id, state from cardb_model  where series_id=1126 and model_name='以往经典版' and state in (3,8) limit 0, 1]
[2016-05-16 03:42:30] [error: (no data) select model_id, state from cardb_model  where series_id=1126 and model_name='2013款 ST-H 限量版' and state in (3,8) limit 0, 1]
[2016-05-16 03:42:30] [error: (no data) select model_id, state from cardb_model  where series_id=1126 and model_name='2013款 2.0T ST 标准版' and state in (3,8) limit 0, 1]
[2016-05-16 03:42:30] [error: (no data) select model_id, state from cardb_model  where series_id=1126 and model_name='2013款 2.0T ST 橙色版' and state in (3,8) limit 0, 1]
[2016-05-16 03:42:30] [error: (no data) select model_id, state from cardb_model  where series_id=1126 and model_name='2012款 Electric' and state in (3,8) limit 0, 1]
[2016-05-16 03:42:30] [error: (no data) select model_id, state from cardb_model  where series_id=1126 and model_name='2012款 基本型' and state in (3,8) limit 0, 1]
[2016-05-16 03:42:30] [error: (no data) select model_id, state from cardb_model  where series_id=1126 and model_name='2012款 Zetec S' and state in (3,8) limit 0, 1]
[2016-05-16 03:42:30] [error: (no data) select model_id, state from cardb_model  where series_id=1126 and model_name='2012款 1.0L EcoBoost' and state in (3,8) limit 0, 1]
[2016-05-16 03:42:30] [error: (no data) select model_id, state from cardb_model  where series_id=1126 and model_name='2012款 旅行版 ST' and state in (3,8) limit 0, 1]
[2016-05-16 03:42:30] [error: (no data) select model_id, state from cardb_model  where series_id=1126 and model_name='2012款 ST-R' and state in (3,8) limit 0, 1]
[2016-05-16 03:42:30] [error: (no data) select model_id, state from cardb_model  where series_id=1126 and model_name='2011款 三厢版' and state in (3,8) limit 0, 1]
[2016-05-16 03:42:30] [error: (no data) select model_id, state from cardb_model  where series_id=1126 and model_name='2011款 两厢版' and state in (3,8) limit 0, 1]
[2016-05-16 03:42:30] [error: (no data) select model_id, state from cardb_model  where series_id=1126 and model_name='2011款 旅行版' and state in (3,8) limit 0, 1]
[2016-05-16 03:42:30] [error: (no data) select model_id, state from cardb_model  where series_id=1126 and model_name='2011款 RS500' and state in (3,8) limit 0, 1]
[2016-05-16 03:42:30] [error: (no data) select model_id, state from cardb_model  where series_id=1126 and model_name='2011款 RS' and state in (3,8) limit 0, 1]
[2016-05-16 03:42:30] [error: (no data) select model_id, state from cardb_model  where series_id=1126 and model_name='2010款 ECOnetic' and state in (3,8) limit 0, 1]
[2016-05-16 03:42:30] [error: (no data) select model_id, state from cardb_model  where series_id=1126 and model_name='2009款 三厢版' and state in (3,8) limit 0, 1]
[2016-05-16 03:42:30] [error: (no data) select model_id, state from cardb_model  where series_id=1126 and model_name='2008款 RS' and state in (3,8) limit 0, 1]
[2016-05-16 03:42:30] [error: (no data) select model_id, state from cardb_model  where series_id=1126 and model_name='2008款 ST' and state in (3,8) limit 0, 1]
[2016-05-16 03:42:30] [error: (no data) select model_id, state from cardb_model  where series_id=1126 and model_name='以往经典版' and state in (3,8) limit 0, 1]
[2016-05-16 03:44:25] [error: (no data) select model_id, state from cardb_model  where series_id=1126 and model_name='2013款 ST-H 限量版' and state in (3,8) limit 0, 1]
[2016-05-16 03:44:25] [error: (no data) select model_id, state from cardb_model  where series_id=1126 and model_name='2013款 2.0T ST 标准版' and state in (3,8) limit 0, 1]
[2016-05-16 03:44:25] [error: (no data) select model_id, state from cardb_model  where series_id=1126 and model_name='2013款 2.0T ST 橙色版' and state in (3,8) limit 0, 1]
[2016-05-16 03:44:25] [error: (no data) select model_id, state from cardb_model  where series_id=1126 and model_name='2012款 Electric' and state in (3,8) limit 0, 1]
[2016-05-16 03:44:25] [error: (no data) select model_id, state from cardb_model  where series_id=1126 and model_name='2012款 基本型' and state in (3,8) limit 0, 1]
[2016-05-16 03:44:25] [error: (no data) select model_id, state from cardb_model  where series_id=1126 and model_name='2012款 Zetec S' and state in (3,8) limit 0, 1]
[2016-05-16 03:44:25] [error: (no data) select model_id, state from cardb_model  where series_id=1126 and model_name='2012款 1.0L EcoBoost' and state in (3,8) limit 0, 1]
[2016-05-16 03:44:25] [error: (no data) select model_id, state from cardb_model  where series_id=1126 and model_name='2012款 旅行版 ST' and state in (3,8) limit 0, 1]
[2016-05-16 03:44:25] [error: (no data) select model_id, state from cardb_model  where series_id=1126 and model_name='2012款 ST-R' and state in (3,8) limit 0, 1]
[2016-05-16 03:44:25] [error: (no data) select model_id, state from cardb_model  where series_id=1126 and model_name='2011款 三厢版' and state in (3,8) limit 0, 1]
[2016-05-16 03:44:25] [error: (no data) select model_id, state from cardb_model  where series_id=1126 and model_name='2011款 两厢版' and state in (3,8) limit 0, 1]
[2016-05-16 03:44:25] [error: (no data) select model_id, state from cardb_model  where series_id=1126 and model_name='2011款 旅行版' and state in (3,8) limit 0, 1]
[2016-05-16 03:44:25] [error: (no data) select model_id, state from cardb_model  where series_id=1126 and model_name='2011款 RS500' and state in (3,8) limit 0, 1]
[2016-05-16 03:44:25] [error: (no data) select model_id, state from cardb_model  where series_id=1126 and model_name='2011款 RS' and state in (3,8) limit 0, 1]
[2016-05-16 03:44:25] [error: (no data) select model_id, state from cardb_model  where series_id=1126 and model_name='2010款 ECOnetic' and state in (3,8) limit 0, 1]
[2016-05-16 03:44:25] [error: (no data) select model_id, state from cardb_model  where series_id=1126 and model_name='2009款 三厢版' and state in (3,8) limit 0, 1]
[2016-05-16 03:44:25] [error: (no data) select model_id, state from cardb_model  where series_id=1126 and model_name='2008款 RS' and state in (3,8) limit 0, 1]
[2016-05-16 03:44:25] [error: (no data) select model_id, state from cardb_model  where series_id=1126 and model_name='2008款 ST' and state in (3,8) limit 0, 1]
[2016-05-16 03:44:25] [error: (no data) select model_id, state from cardb_model  where series_id=1126 and model_name='以往经典版' and state in (3,8) limit 0, 1]
[2016-05-16 03:57:47] [error: (no data) select model_id, state from cardb_model  where series_id=1126 and model_name='2013款 ST-H 限量版' and state in (3,8) limit 0, 1]
[2016-05-16 03:57:47] [error: (no data) select model_id, state from cardb_model  where series_id=1126 and model_name='2013款 2.0T ST 标准版' and state in (3,8) limit 0, 1]
[2016-05-16 03:57:47] [error: (no data) select model_id, state from cardb_model  where series_id=1126 and model_name='2013款 2.0T ST 橙色版' and state in (3,8) limit 0, 1]
[2016-05-16 03:57:47] [error: (no data) select model_id, state from cardb_model  where series_id=1126 and model_name='2012款 Electric' and state in (3,8) limit 0, 1]
[2016-05-16 03:57:47] [error: (no data) select model_id, state from cardb_model  where series_id=1126 and model_name='2012款 基本型' and state in (3,8) limit 0, 1]
[2016-05-16 03:57:47] [error: (no data) select model_id, state from cardb_model  where series_id=1126 and model_name='2012款 Zetec S' and state in (3,8) limit 0, 1]
[2016-05-16 03:57:47] [error: (no data) select model_id, state from cardb_model  where series_id=1126 and model_name='2012款 1.0L EcoBoost' and state in (3,8) limit 0, 1]
[2016-05-16 03:57:47] [error: (no data) select model_id, state from cardb_model  where series_id=1126 and model_name='2012款 旅行版 ST' and state in (3,8) limit 0, 1]
[2016-05-16 03:57:47] [error: (no data) select model_id, state from cardb_model  where series_id=1126 and model_name='2012款 ST-R' and state in (3,8) limit 0, 1]
[2016-05-16 03:57:47] [error: (no data) select model_id, state from cardb_model  where series_id=1126 and model_name='2011款 三厢版' and state in (3,8) limit 0, 1]
[2016-05-16 03:57:47] [error: (no data) select model_id, state from cardb_model  where series_id=1126 and model_name='2011款 两厢版' and state in (3,8) limit 0, 1]
[2016-05-16 03:57:47] [error: (no data) select model_id, state from cardb_model  where series_id=1126 and model_name='2011款 旅行版' and state in (3,8) limit 0, 1]
[2016-05-16 03:57:47] [error: (no data) select model_id, state from cardb_model  where series_id=1126 and model_name='2011款 RS500' and state in (3,8) limit 0, 1]
[2016-05-16 03:57:47] [error: (no data) select model_id, state from cardb_model  where series_id=1126 and model_name='2011款 RS' and state in (3,8) limit 0, 1]
[2016-05-16 03:57:47] [error: (no data) select model_id, state from cardb_model  where series_id=1126 and model_name='2010款 ECOnetic' and state in (3,8) limit 0, 1]
[2016-05-16 03:57:48] [error: (no data) select model_id, state from cardb_model  where series_id=1126 and model_name='2009款 三厢版' and state in (3,8) limit 0, 1]
[2016-05-16 03:57:48] [error: (no data) select model_id, state from cardb_model  where series_id=1126 and model_name='2008款 RS' and state in (3,8) limit 0, 1]
[2016-05-16 03:57:48] [error: (no data) select model_id, state from cardb_model  where series_id=1126 and model_name='2008款 ST' and state in (3,8) limit 0, 1]
[2016-05-16 03:57:48] [error: (no data) select model_id, state from cardb_model  where series_id=1126 and model_name='以往经典版' and state in (3,8) limit 0, 1]
[2016-05-16 04:40:35] [error: (no data) select model_id, state from cardb_model  where series_id=1126 and model_name='2013款 ST-H 限量版' and state in (3,8) limit 0, 1]
[2016-05-16 04:40:35] [error: (no data) select model_id, state from cardb_model  where series_id=1126 and model_name='2013款 2.0T ST 标准版' and state in (3,8) limit 0, 1]
[2016-05-16 04:40:35] [error: (no data) select model_id, state from cardb_model  where series_id=1126 and model_name='2013款 2.0T ST 橙色版' and state in (3,8) limit 0, 1]
[2016-05-16 04:40:35] [error: (no data) select model_id, state from cardb_model  where series_id=1126 and model_name='2012款 Electric' and state in (3,8) limit 0, 1]
[2016-05-16 04:40:35] [error: (no data) select model_id, state from cardb_model  where series_id=1126 and model_name='2012款 基本型' and state in (3,8) limit 0, 1]
[2016-05-16 04:40:35] [error: (no data) select model_id, state from cardb_model  where series_id=1126 and model_name='2012款 Zetec S' and state in (3,8) limit 0, 1]
[2016-05-16 04:40:35] [error: (no data) select model_id, state from cardb_model  where series_id=1126 and model_name='2012款 1.0L EcoBoost' and state in (3,8) limit 0, 1]
[2016-05-16 04:40:35] [error: (no data) select model_id, state from cardb_model  where series_id=1126 and model_name='2012款 旅行版 ST' and state in (3,8) limit 0, 1]
[2016-05-16 04:40:35] [error: (no data) select model_id, state from cardb_model  where series_id=1126 and model_name='2012款 ST-R' and state in (3,8) limit 0, 1]
[2016-05-16 04:40:35] [error: (no data) select model_id, state from cardb_model  where series_id=1126 and model_name='2011款 三厢版' and state in (3,8) limit 0, 1]
[2016-05-16 04:40:35] [error: (no data) select model_id, state from cardb_model  where series_id=1126 and model_name='2011款 两厢版' and state in (3,8) limit 0, 1]
[2016-05-16 04:40:35] [error: (no data) select model_id, state from cardb_model  where series_id=1126 and model_name='2011款 旅行版' and state in (3,8) limit 0, 1]
[2016-05-16 04:40:35] [error: (no data) select model_id, state from cardb_model  where series_id=1126 and model_name='2011款 RS500' and state in (3,8) limit 0, 1]
[2016-05-16 04:40:35] [error: (no data) select model_id, state from cardb_model  where series_id=1126 and model_name='2011款 RS' and state in (3,8) limit 0, 1]
[2016-05-16 04:40:36] [error: (no data) select model_id, state from cardb_model  where series_id=1126 and model_name='2010款 ECOnetic' and state in (3,8) limit 0, 1]
[2016-05-16 04:40:36] [error: (no data) select model_id, state from cardb_model  where series_id=1126 and model_name='2009款 三厢版' and state in (3,8) limit 0, 1]
[2016-05-16 04:40:36] [error: (no data) select model_id, state from cardb_model  where series_id=1126 and model_name='2008款 RS' and state in (3,8) limit 0, 1]
[2016-05-16 04:40:36] [error: (no data) select model_id, state from cardb_model  where series_id=1126 and model_name='2008款 ST' and state in (3,8) limit 0, 1]
[2016-05-16 04:40:36] [error: (no data) select model_id, state from cardb_model  where series_id=1126 and model_name='以往经典版' and state in (3,8) limit 0, 1]
[2016-05-16 04:42:35] [error: (no data) select model_id, state from cardb_model  where series_id=1126 and model_name='2013款 ST-H 限量版' and state in (3,8) limit 0, 1]
[2016-05-16 04:42:35] [error: (no data) select model_id, state from cardb_model  where series_id=1126 and model_name='2013款 2.0T ST 标准版' and state in (3,8) limit 0, 1]
[2016-05-16 04:42:35] [error: (no data) select model_id, state from cardb_model  where series_id=1126 and model_name='2013款 2.0T ST 橙色版' and state in (3,8) limit 0, 1]
[2016-05-16 04:42:35] [error: (no data) select model_id, state from cardb_model  where series_id=1126 and model_name='2012款 Electric' and state in (3,8) limit 0, 1]
[2016-05-16 04:42:35] [error: (no data) select model_id, state from cardb_model  where series_id=1126 and model_name='2012款 基本型' and state in (3,8) limit 0, 1]
[2016-05-16 04:42:35] [error: (no data) select model_id, state from cardb_model  where series_id=1126 and model_name='2012款 Zetec S' and state in (3,8) limit 0, 1]
[2016-05-16 04:42:35] [error: (no data) select model_id, state from cardb_model  where series_id=1126 and model_name='2012款 1.0L EcoBoost' and state in (3,8) limit 0, 1]
[2016-05-16 04:42:35] [error: (no data) select model_id, state from cardb_model  where series_id=1126 and model_name='2012款 旅行版 ST' and state in (3,8) limit 0, 1]
[2016-05-16 04:42:35] [error: (no data) select model_id, state from cardb_model  where series_id=1126 and model_name='2012款 ST-R' and state in (3,8) limit 0, 1]
[2016-05-16 04:42:35] [error: (no data) select model_id, state from cardb_model  where series_id=1126 and model_name='2011款 三厢版' and state in (3,8) limit 0, 1]
[2016-05-16 04:42:35] [error: (no data) select model_id, state from cardb_model  where series_id=1126 and model_name='2011款 两厢版' and state in (3,8) limit 0, 1]
[2016-05-16 04:42:35] [error: (no data) select model_id, state from cardb_model  where series_id=1126 and model_name='2011款 旅行版' and state in (3,8) limit 0, 1]
[2016-05-16 04:42:35] [error: (no data) select model_id, state from cardb_model  where series_id=1126 and model_name='2011款 RS500' and state in (3,8) limit 0, 1]
[2016-05-16 04:42:35] [error: (no data) select model_id, state from cardb_model  where series_id=1126 and model_name='2011款 RS' and state in (3,8) limit 0, 1]
[2016-05-16 04:42:35] [error: (no data) select model_id, state from cardb_model  where series_id=1126 and model_name='2010款 ECOnetic' and state in (3,8) limit 0, 1]
[2016-05-16 04:42:35] [error: (no data) select model_id, state from cardb_model  where series_id=1126 and model_name='2009款 三厢版' and state in (3,8) limit 0, 1]
[2016-05-16 04:42:35] [error: (no data) select model_id, state from cardb_model  where series_id=1126 and model_name='2008款 RS' and state in (3,8) limit 0, 1]
[2016-05-16 04:42:35] [error: (no data) select model_id, state from cardb_model  where series_id=1126 and model_name='2008款 ST' and state in (3,8) limit 0, 1]
[2016-05-16 04:42:35] [error: (no data) select model_id, state from cardb_model  where series_id=1126 and model_name='以往经典版' and state in (3,8) limit 0, 1]
[2016-05-16 04:50:27] [error: (no data) select model_id, state from cardb_model  where series_id=1126 and model_name='2013款 ST-H 限量版' and state in (3,8) limit 0, 1]
[2016-05-16 04:50:27] [error: (no data) select model_id, state from cardb_model  where series_id=1126 and model_name='2013款 2.0T ST 标准版' and state in (3,8) limit 0, 1]
[2016-05-16 04:50:27] [error: (no data) select model_id, state from cardb_model  where series_id=1126 and model_name='2013款 2.0T ST 橙色版' and state in (3,8) limit 0, 1]
[2016-05-16 04:50:27] [error: (no data) select model_id, state from cardb_model  where series_id=1126 and model_name='2012款 Electric' and state in (3,8) limit 0, 1]
[2016-05-16 04:50:27] [error: (no data) select model_id, state from cardb_model  where series_id=1126 and model_name='2012款 基本型' and state in (3,8) limit 0, 1]
[2016-05-16 04:50:27] [error: (no data) select model_id, state from cardb_model  where series_id=1126 and model_name='2012款 Zetec S' and state in (3,8) limit 0, 1]
[2016-05-16 04:50:27] [error: (no data) select model_id, state from cardb_model  where series_id=1126 and model_name='2012款 1.0L EcoBoost' and state in (3,8) limit 0, 1]
[2016-05-16 04:50:27] [error: (no data) select model_id, state from cardb_model  where series_id=1126 and model_name='2012款 旅行版 ST' and state in (3,8) limit 0, 1]
[2016-05-16 04:50:27] [error: (no data) select model_id, state from cardb_model  where series_id=1126 and model_name='2012款 ST-R' and state in (3,8) limit 0, 1]
[2016-05-16 04:50:27] [error: (no data) select model_id, state from cardb_model  where series_id=1126 and model_name='2011款 三厢版' and state in (3,8) limit 0, 1]
[2016-05-16 04:50:27] [error: (no data) select model_id, state from cardb_model  where series_id=1126 and model_name='2011款 两厢版' and state in (3,8) limit 0, 1]
[2016-05-16 04:50:27] [error: (no data) select model_id, state from cardb_model  where series_id=1126 and model_name='2011款 旅行版' and state in (3,8) limit 0, 1]
[2016-05-16 04:50:27] [error: (no data) select model_id, state from cardb_model  where series_id=1126 and model_name='2011款 RS500' and state in (3,8) limit 0, 1]
[2016-05-16 04:50:27] [error: (no data) select model_id, state from cardb_model  where series_id=1126 and model_name='2011款 RS' and state in (3,8) limit 0, 1]
[2016-05-16 04:50:27] [error: (no data) select model_id, state from cardb_model  where series_id=1126 and model_name='2010款 ECOnetic' and state in (3,8) limit 0, 1]
[2016-05-16 04:50:27] [error: (no data) select model_id, state from cardb_model  where series_id=1126 and model_name='2009款 三厢版' and state in (3,8) limit 0, 1]
[2016-05-16 04:50:27] [error: (no data) select model_id, state from cardb_model  where series_id=1126 and model_name='2008款 RS' and state in (3,8) limit 0, 1]
[2016-05-16 04:50:27] [error: (no data) select model_id, state from cardb_model  where series_id=1126 and model_name='2008款 ST' and state in (3,8) limit 0, 1]
[2016-05-16 04:50:27] [error: (no data) select model_id, state from cardb_model  where series_id=1126 and model_name='以往经典版' and state in (3,8) limit 0, 1]
[2016-05-16 04:50:50] [error: (no data) select model_id, state from cardb_model  where series_id=1126 and model_name='2013款 ST-H 限量版' and state in (3,8) limit 0, 1]
[2016-05-16 04:50:50] [error: (no data) select model_id, state from cardb_model  where series_id=1126 and model_name='2013款 2.0T ST 标准版' and state in (3,8) limit 0, 1]
[2016-05-16 04:50:50] [error: (no data) select model_id, state from cardb_model  where series_id=1126 and model_name='2013款 2.0T ST 橙色版' and state in (3,8) limit 0, 1]
[2016-05-16 04:50:50] [error: (no data) select model_id, state from cardb_model  where series_id=1126 and model_name='2012款 Electric' and state in (3,8) limit 0, 1]
[2016-05-16 04:50:50] [error: (no data) select model_id, state from cardb_model  where series_id=1126 and model_name='2012款 基本型' and state in (3,8) limit 0, 1]
[2016-05-16 04:50:50] [error: (no data) select model_id, state from cardb_model  where series_id=1126 and model_name='2012款 Zetec S' and state in (3,8) limit 0, 1]
[2016-05-16 04:50:50] [error: (no data) select model_id, state from cardb_model  where series_id=1126 and model_name='2012款 1.0L EcoBoost' and state in (3,8) limit 0, 1]
[2016-05-16 04:50:50] [error: (no data) select model_id, state from cardb_model  where series_id=1126 and model_name='2012款 旅行版 ST' and state in (3,8) limit 0, 1]
[2016-05-16 04:50:50] [error: (no data) select model_id, state from cardb_model  where series_id=1126 and model_name='2012款 ST-R' and state in (3,8) limit 0, 1]
[2016-05-16 04:50:50] [error: (no data) select model_id, state from cardb_model  where series_id=1126 and model_name='2011款 三厢版' and state in (3,8) limit 0, 1]
[2016-05-16 04:50:50] [error: (no data) select model_id, state from cardb_model  where series_id=1126 and model_name='2011款 两厢版' and state in (3,8) limit 0, 1]
[2016-05-16 04:50:50] [error: (no data) select model_id, state from cardb_model  where series_id=1126 and model_name='2011款 旅行版' and state in (3,8) limit 0, 1]
[2016-05-16 04:50:50] [error: (no data) select model_id, state from cardb_model  where series_id=1126 and model_name='2011款 RS500' and state in (3,8) limit 0, 1]
[2016-05-16 04:50:50] [error: (no data) select model_id, state from cardb_model  where series_id=1126 and model_name='2011款 RS' and state in (3,8) limit 0, 1]
[2016-05-16 04:50:50] [error: (no data) select model_id, state from cardb_model  where series_id=1126 and model_name='2010款 ECOnetic' and state in (3,8) limit 0, 1]
[2016-05-16 04:50:50] [error: (no data) select model_id, state from cardb_model  where series_id=1126 and model_name='2009款 三厢版' and state in (3,8) limit 0, 1]
[2016-05-16 04:50:50] [error: (no data) select model_id, state from cardb_model  where series_id=1126 and model_name='2008款 RS' and state in (3,8) limit 0, 1]
[2016-05-16 04:50:50] [error: (no data) select model_id, state from cardb_model  where series_id=1126 and model_name='2008款 ST' and state in (3,8) limit 0, 1]
[2016-05-16 04:50:50] [error: (no data) select model_id, state from cardb_model  where series_id=1126 and model_name='以往经典版' and state in (3,8) limit 0, 1]
[2016-05-16 05:18:31] [error: (no data) select model_id, state from cardb_model  where series_id=1126 and model_name='2013款 ST-H 限量版' and state in (3,8) limit 0, 1]
[2016-05-16 05:18:31] [error: (no data) select model_id, state from cardb_model  where series_id=1126 and model_name='2013款 2.0T ST 标准版' and state in (3,8) limit 0, 1]
[2016-05-16 05:18:31] [error: (no data) select model_id, state from cardb_model  where series_id=1126 and model_name='2013款 2.0T ST 橙色版' and state in (3,8) limit 0, 1]
[2016-05-16 05:18:31] [error: (no data) select model_id, state from cardb_model  where series_id=1126 and model_name='2012款 Electric' and state in (3,8) limit 0, 1]
[2016-05-16 05:18:31] [error: (no data) select model_id, state from cardb_model  where series_id=1126 and model_name='2012款 基本型' and state in (3,8) limit 0, 1]
[2016-05-16 05:18:31] [error: (no data) select model_id, state from cardb_model  where series_id=1126 and model_name='2012款 Zetec S' and state in (3,8) limit 0, 1]
[2016-05-16 05:18:31] [error: (no data) select model_id, state from cardb_model  where series_id=1126 and model_name='2012款 1.0L EcoBoost' and state in (3,8) limit 0, 1]
[2016-05-16 05:18:31] [error: (no data) select model_id, state from cardb_model  where series_id=1126 and model_name='2012款 旅行版 ST' and state in (3,8) limit 0, 1]
[2016-05-16 05:18:31] [error: (no data) select model_id, state from cardb_model  where series_id=1126 and model_name='2012款 ST-R' and state in (3,8) limit 0, 1]
[2016-05-16 05:18:31] [error: (no data) select model_id, state from cardb_model  where series_id=1126 and model_name='2011款 三厢版' and state in (3,8) limit 0, 1]
[2016-05-16 05:18:31] [error: (no data) select model_id, state from cardb_model  where series_id=1126 and model_name='2011款 两厢版' and state in (3,8) limit 0, 1]
[2016-05-16 05:18:31] [error: (no data) select model_id, state from cardb_model  where series_id=1126 and model_name='2011款 旅行版' and state in (3,8) limit 0, 1]
[2016-05-16 05:18:31] [error: (no data) select model_id, state from cardb_model  where series_id=1126 and model_name='2011款 RS500' and state in (3,8) limit 0, 1]
[2016-05-16 05:18:31] [error: (no data) select model_id, state from cardb_model  where series_id=1126 and model_name='2011款 RS' and state in (3,8) limit 0, 1]
[2016-05-16 05:18:32] [error: (no data) select model_id, state from cardb_model  where series_id=1126 and model_name='2010款 ECOnetic' and state in (3,8) limit 0, 1]
[2016-05-16 05:18:32] [error: (no data) select model_id, state from cardb_model  where series_id=1126 and model_name='2009款 三厢版' and state in (3,8) limit 0, 1]
[2016-05-16 05:18:32] [error: (no data) select model_id, state from cardb_model  where series_id=1126 and model_name='2008款 RS' and state in (3,8) limit 0, 1]
[2016-05-16 05:18:32] [error: (no data) select model_id, state from cardb_model  where series_id=1126 and model_name='2008款 ST' and state in (3,8) limit 0, 1]
[2016-05-16 05:18:32] [error: (no data) select model_id, state from cardb_model  where series_id=1126 and model_name='以往经典版' and state in (3,8) limit 0, 1]
[2016-05-16 05:23:02] [error: (no data) select model_id, state from cardb_model  where series_id=1126 and model_name='2013款 ST-H 限量版' and state in (3,8) limit 0, 1]
[2016-05-16 05:23:02] [error: (no data) select model_id, state from cardb_model  where series_id=1126 and model_name='2013款 2.0T ST 标准版' and state in (3,8) limit 0, 1]
[2016-05-16 05:23:02] [error: (no data) select model_id, state from cardb_model  where series_id=1126 and model_name='2013款 2.0T ST 橙色版' and state in (3,8) limit 0, 1]
[2016-05-16 05:23:02] [error: (no data) select model_id, state from cardb_model  where series_id=1126 and model_name='2012款 Electric' and state in (3,8) limit 0, 1]
[2016-05-16 05:23:02] [error: (no data) select model_id, state from cardb_model  where series_id=1126 and model_name='2012款 基本型' and state in (3,8) limit 0, 1]
[2016-05-16 05:23:02] [error: (no data) select model_id, state from cardb_model  where series_id=1126 and model_name='2012款 Zetec S' and state in (3,8) limit 0, 1]
[2016-05-16 05:23:02] [error: (no data) select model_id, state from cardb_model  where series_id=1126 and model_name='2012款 1.0L EcoBoost' and state in (3,8) limit 0, 1]
[2016-05-16 05:23:02] [error: (no data) select model_id, state from cardb_model  where series_id=1126 and model_name='2012款 旅行版 ST' and state in (3,8) limit 0, 1]
[2016-05-16 05:23:02] [error: (no data) select model_id, state from cardb_model  where series_id=1126 and model_name='2012款 ST-R' and state in (3,8) limit 0, 1]
[2016-05-16 05:23:02] [error: (no data) select model_id, state from cardb_model  where series_id=1126 and model_name='2011款 三厢版' and state in (3,8) limit 0, 1]
[2016-05-16 05:23:02] [error: (no data) select model_id, state from cardb_model  where series_id=1126 and model_name='2011款 两厢版' and state in (3,8) limit 0, 1]
[2016-05-16 05:23:02] [error: (no data) select model_id, state from cardb_model  where series_id=1126 and model_name='2011款 旅行版' and state in (3,8) limit 0, 1]
[2016-05-16 05:23:02] [error: (no data) select model_id, state from cardb_model  where series_id=1126 and model_name='2011款 RS500' and state in (3,8) limit 0, 1]
[2016-05-16 05:23:02] [error: (no data) select model_id, state from cardb_model  where series_id=1126 and model_name='2011款 RS' and state in (3,8) limit 0, 1]
[2016-05-16 05:23:02] [error: (no data) select model_id, state from cardb_model  where series_id=1126 and model_name='2010款 ECOnetic' and state in (3,8) limit 0, 1]
[2016-05-16 05:23:02] [error: (no data) select model_id, state from cardb_model  where series_id=1126 and model_name='2009款 三厢版' and state in (3,8) limit 0, 1]
[2016-05-16 05:23:02] [error: (no data) select model_id, state from cardb_model  where series_id=1126 and model_name='2008款 RS' and state in (3,8) limit 0, 1]
[2016-05-16 05:23:02] [error: (no data) select model_id, state from cardb_model  where series_id=1126 and model_name='2008款 ST' and state in (3,8) limit 0, 1]
[2016-05-16 05:23:02] [error: (no data) select model_id, state from cardb_model  where series_id=1126 and model_name='以往经典版' and state in (3,8) limit 0, 1]
[2016-05-16 05:25:10] [error: (no data) select model_id, state from cardb_model  where series_id=1126 and model_name='2013款 ST-H 限量版' and state in (3,8) limit 0, 1]
[2016-05-16 05:25:10] [error: (no data) select model_id, state from cardb_model  where series_id=1126 and model_name='2013款 2.0T ST 标准版' and state in (3,8) limit 0, 1]
[2016-05-16 05:25:10] [error: (no data) select model_id, state from cardb_model  where series_id=1126 and model_name='2013款 2.0T ST 橙色版' and state in (3,8) limit 0, 1]
[2016-05-16 05:25:10] [error: (no data) select model_id, state from cardb_model  where series_id=1126 and model_name='2012款 Electric' and state in (3,8) limit 0, 1]
[2016-05-16 05:25:10] [error: (no data) select model_id, state from cardb_model  where series_id=1126 and model_name='2012款 基本型' and state in (3,8) limit 0, 1]
[2016-05-16 05:25:10] [error: (no data) select model_id, state from cardb_model  where series_id=1126 and model_name='2012款 Zetec S' and state in (3,8) limit 0, 1]
[2016-05-16 05:25:10] [error: (no data) select model_id, state from cardb_model  where series_id=1126 and model_name='2012款 1.0L EcoBoost' and state in (3,8) limit 0, 1]
[2016-05-16 05:25:10] [error: (no data) select model_id, state from cardb_model  where series_id=1126 and model_name='2012款 旅行版 ST' and state in (3,8) limit 0, 1]
[2016-05-16 05:25:10] [error: (no data) select model_id, state from cardb_model  where series_id=1126 and model_name='2012款 ST-R' and state in (3,8) limit 0, 1]
[2016-05-16 05:25:10] [error: (no data) select model_id, state from cardb_model  where series_id=1126 and model_name='2011款 三厢版' and state in (3,8) limit 0, 1]
[2016-05-16 05:25:10] [error: (no data) select model_id, state from cardb_model  where series_id=1126 and model_name='2011款 两厢版' and state in (3,8) limit 0, 1]
[2016-05-16 05:25:10] [error: (no data) select model_id, state from cardb_model  where series_id=1126 and model_name='2011款 旅行版' and state in (3,8) limit 0, 1]
[2016-05-16 05:25:10] [error: (no data) select model_id, state from cardb_model  where series_id=1126 and model_name='2011款 RS500' and state in (3,8) limit 0, 1]
[2016-05-16 05:25:10] [error: (no data) select model_id, state from cardb_model  where series_id=1126 and model_name='2011款 RS' and state in (3,8) limit 0, 1]
[2016-05-16 05:25:11] [error: (no data) select model_id, state from cardb_model  where series_id=1126 and model_name='2010款 ECOnetic' and state in (3,8) limit 0, 1]
[2016-05-16 05:25:11] [error: (no data) select model_id, state from cardb_model  where series_id=1126 and model_name='2009款 三厢版' and state in (3,8) limit 0, 1]
[2016-05-16 05:25:11] [error: (no data) select model_id, state from cardb_model  where series_id=1126 and model_name='2008款 RS' and state in (3,8) limit 0, 1]
[2016-05-16 05:25:11] [error: (no data) select model_id, state from cardb_model  where series_id=1126 and model_name='2008款 ST' and state in (3,8) limit 0, 1]
[2016-05-16 05:25:11] [error: (no data) select model_id, state from cardb_model  where series_id=1126 and model_name='以往经典版' and state in (3,8) limit 0, 1]
[2016-05-16 05:30:22] [error: (no data) select model_id, state from cardb_model  where series_id=1126 and model_name='2013款 ST-H 限量版' and state in (3,8) limit 0, 1]
[2016-05-16 05:30:22] [error: (no data) select model_id, state from cardb_model  where series_id=1126 and model_name='2013款 2.0T ST 标准版' and state in (3,8) limit 0, 1]
[2016-05-16 05:30:22] [error: (no data) select model_id, state from cardb_model  where series_id=1126 and model_name='2013款 2.0T ST 橙色版' and state in (3,8) limit 0, 1]
[2016-05-16 05:30:22] [error: (no data) select model_id, state from cardb_model  where series_id=1126 and model_name='2012款 Electric' and state in (3,8) limit 0, 1]
[2016-05-16 05:30:22] [error: (no data) select model_id, state from cardb_model  where series_id=1126 and model_name='2012款 基本型' and state in (3,8) limit 0, 1]
[2016-05-16 05:30:22] [error: (no data) select model_id, state from cardb_model  where series_id=1126 and model_name='2012款 Zetec S' and state in (3,8) limit 0, 1]
[2016-05-16 05:30:22] [error: (no data) select model_id, state from cardb_model  where series_id=1126 and model_name='2012款 1.0L EcoBoost' and state in (3,8) limit 0, 1]
[2016-05-16 05:30:22] [error: (no data) select model_id, state from cardb_model  where series_id=1126 and model_name='2012款 旅行版 ST' and state in (3,8) limit 0, 1]
[2016-05-16 05:30:22] [error: (no data) select model_id, state from cardb_model  where series_id=1126 and model_name='2012款 ST-R' and state in (3,8) limit 0, 1]
[2016-05-16 05:30:22] [error: (no data) select model_id, state from cardb_model  where series_id=1126 and model_name='2011款 三厢版' and state in (3,8) limit 0, 1]
[2016-05-16 05:30:22] [error: (no data) select model_id, state from cardb_model  where series_id=1126 and model_name='2011款 两厢版' and state in (3,8) limit 0, 1]
[2016-05-16 05:30:22] [error: (no data) select model_id, state from cardb_model  where series_id=1126 and model_name='2011款 旅行版' and state in (3,8) limit 0, 1]
[2016-05-16 05:30:22] [error: (no data) select model_id, state from cardb_model  where series_id=1126 and model_name='2011款 RS500' and state in (3,8) limit 0, 1]
[2016-05-16 05:30:22] [error: (no data) select model_id, state from cardb_model  where series_id=1126 and model_name='2011款 RS' and state in (3,8) limit 0, 1]
[2016-05-16 05:30:22] [error: (no data) select model_id, state from cardb_model  where series_id=1126 and model_name='2010款 ECOnetic' and state in (3,8) limit 0, 1]
[2016-05-16 05:30:22] [error: (no data) select model_id, state from cardb_model  where series_id=1126 and model_name='2009款 三厢版' and state in (3,8) limit 0, 1]
[2016-05-16 05:30:22] [error: (no data) select model_id, state from cardb_model  where series_id=1126 and model_name='2008款 RS' and state in (3,8) limit 0, 1]
[2016-05-16 05:30:22] [error: (no data) select model_id, state from cardb_model  where series_id=1126 and model_name='2008款 ST' and state in (3,8) limit 0, 1]
[2016-05-16 05:30:22] [error: (no data) select model_id, state from cardb_model  where series_id=1126 and model_name='以往经典版' and state in (3,8) limit 0, 1]
[2016-05-16 05:30:49] [error: (no data) select model_id, state from cardb_model  where series_id=1126 and model_name='2013款 ST-H 限量版' and state in (3,8) limit 0, 1]
[2016-05-16 05:30:49] [error: (no data) select model_id, state from cardb_model  where series_id=1126 and model_name='2013款 2.0T ST 标准版' and state in (3,8) limit 0, 1]
[2016-05-16 05:30:49] [error: (no data) select model_id, state from cardb_model  where series_id=1126 and model_name='2013款 2.0T ST 橙色版' and state in (3,8) limit 0, 1]
[2016-05-16 05:30:49] [error: (no data) select model_id, state from cardb_model  where series_id=1126 and model_name='2012款 Electric' and state in (3,8) limit 0, 1]
[2016-05-16 05:30:49] [error: (no data) select model_id, state from cardb_model  where series_id=1126 and model_name='2012款 基本型' and state in (3,8) limit 0, 1]
[2016-05-16 05:30:49] [error: (no data) select model_id, state from cardb_model  where series_id=1126 and model_name='2012款 Zetec S' and state in (3,8) limit 0, 1]
[2016-05-16 05:30:49] [error: (no data) select model_id, state from cardb_model  where series_id=1126 and model_name='2012款 1.0L EcoBoost' and state in (3,8) limit 0, 1]
[2016-05-16 05:30:49] [error: (no data) select model_id, state from cardb_model  where series_id=1126 and model_name='2012款 旅行版 ST' and state in (3,8) limit 0, 1]
[2016-05-16 05:30:49] [error: (no data) select model_id, state from cardb_model  where series_id=1126 and model_name='2012款 ST-R' and state in (3,8) limit 0, 1]
[2016-05-16 05:30:49] [error: (no data) select model_id, state from cardb_model  where series_id=1126 and model_name='2011款 三厢版' and state in (3,8) limit 0, 1]
[2016-05-16 05:30:49] [error: (no data) select model_id, state from cardb_model  where series_id=1126 and model_name='2011款 两厢版' and state in (3,8) limit 0, 1]
[2016-05-16 05:30:49] [error: (no data) select model_id, state from cardb_model  where series_id=1126 and model_name='2011款 旅行版' and state in (3,8) limit 0, 1]
[2016-05-16 05:30:49] [error: (no data) select model_id, state from cardb_model  where series_id=1126 and model_name='2011款 RS500' and state in (3,8) limit 0, 1]
[2016-05-16 05:30:49] [error: (no data) select model_id, state from cardb_model  where series_id=1126 and model_name='2011款 RS' and state in (3,8) limit 0, 1]
[2016-05-16 05:30:49] [error: (no data) select model_id, state from cardb_model  where series_id=1126 and model_name='2010款 ECOnetic' and state in (3,8) limit 0, 1]
[2016-05-16 05:30:49] [error: (no data) select model_id, state from cardb_model  where series_id=1126 and model_name='2009款 三厢版' and state in (3,8) limit 0, 1]
[2016-05-16 05:30:49] [error: (no data) select model_id, state from cardb_model  where series_id=1126 and model_name='2008款 RS' and state in (3,8) limit 0, 1]
[2016-05-16 05:30:49] [error: (no data) select model_id, state from cardb_model  where series_id=1126 and model_name='2008款 ST' and state in (3,8) limit 0, 1]
[2016-05-16 05:30:49] [error: (no data) select model_id, state from cardb_model  where series_id=1126 and model_name='以往经典版' and state in (3,8) limit 0, 1]
[2016-05-16 05:31:20] [error: (no data) select model_id, state from cardb_model  where series_id=1126 and model_name='2013款 ST-H 限量版' and state in (3,8) limit 0, 1]
[2016-05-16 05:31:20] [error: (no data) select model_id, state from cardb_model  where series_id=1126 and model_name='2013款 2.0T ST 标准版' and state in (3,8) limit 0, 1]
[2016-05-16 05:31:20] [error: (no data) select model_id, state from cardb_model  where series_id=1126 and model_name='2013款 2.0T ST 橙色版' and state in (3,8) limit 0, 1]
[2016-05-16 05:31:20] [error: (no data) select model_id, state from cardb_model  where series_id=1126 and model_name='2012款 Electric' and state in (3,8) limit 0, 1]
[2016-05-16 05:31:20] [error: (no data) select model_id, state from cardb_model  where series_id=1126 and model_name='2012款 基本型' and state in (3,8) limit 0, 1]
[2016-05-16 05:31:20] [error: (no data) select model_id, state from cardb_model  where series_id=1126 and model_name='2012款 Zetec S' and state in (3,8) limit 0, 1]
[2016-05-16 05:31:20] [error: (no data) select model_id, state from cardb_model  where series_id=1126 and model_name='2012款 1.0L EcoBoost' and state in (3,8) limit 0, 1]
[2016-05-16 05:31:20] [error: (no data) select model_id, state from cardb_model  where series_id=1126 and model_name='2012款 旅行版 ST' and state in (3,8) limit 0, 1]
[2016-05-16 05:31:20] [error: (no data) select model_id, state from cardb_model  where series_id=1126 and model_name='2012款 ST-R' and state in (3,8) limit 0, 1]
[2016-05-16 05:31:20] [error: (no data) select model_id, state from cardb_model  where series_id=1126 and model_name='2011款 三厢版' and state in (3,8) limit 0, 1]
[2016-05-16 05:31:20] [error: (no data) select model_id, state from cardb_model  where series_id=1126 and model_name='2011款 两厢版' and state in (3,8) limit 0, 1]
[2016-05-16 05:31:20] [error: (no data) select model_id, state from cardb_model  where series_id=1126 and model_name='2011款 旅行版' and state in (3,8) limit 0, 1]
[2016-05-16 05:31:20] [error: (no data) select model_id, state from cardb_model  where series_id=1126 and model_name='2011款 RS500' and state in (3,8) limit 0, 1]
[2016-05-16 05:31:20] [error: (no data) select model_id, state from cardb_model  where series_id=1126 and model_name='2011款 RS' and state in (3,8) limit 0, 1]
[2016-05-16 05:31:20] [error: (no data) select model_id, state from cardb_model  where series_id=1126 and model_name='2010款 ECOnetic' and state in (3,8) limit 0, 1]
[2016-05-16 05:31:20] [error: (no data) select model_id, state from cardb_model  where series_id=1126 and model_name='2009款 三厢版' and state in (3,8) limit 0, 1]
[2016-05-16 05:31:20] [error: (no data) select model_id, state from cardb_model  where series_id=1126 and model_name='2008款 RS' and state in (3,8) limit 0, 1]
[2016-05-16 05:31:20] [error: (no data) select model_id, state from cardb_model  where series_id=1126 and model_name='2008款 ST' and state in (3,8) limit 0, 1]
[2016-05-16 05:31:20] [error: (no data) select model_id, state from cardb_model  where series_id=1126 and model_name='以往经典版' and state in (3,8) limit 0, 1]
[2016-05-16 05:31:51] [error: (no data) select model_id, state from cardb_model  where series_id=1126 and model_name='2013款 ST-H 限量版' and state in (3,8) limit 0, 1]
[2016-05-16 05:31:51] [error: (no data) select model_id, state from cardb_model  where series_id=1126 and model_name='2013款 2.0T ST 标准版' and state in (3,8) limit 0, 1]
[2016-05-16 05:31:51] [error: (no data) select model_id, state from cardb_model  where series_id=1126 and model_name='2013款 2.0T ST 橙色版' and state in (3,8) limit 0, 1]
[2016-05-16 05:31:51] [error: (no data) select model_id, state from cardb_model  where series_id=1126 and model_name='2012款 Electric' and state in (3,8) limit 0, 1]
[2016-05-16 05:31:51] [error: (no data) select model_id, state from cardb_model  where series_id=1126 and model_name='2012款 基本型' and state in (3,8) limit 0, 1]
[2016-05-16 05:31:51] [error: (no data) select model_id, state from cardb_model  where series_id=1126 and model_name='2012款 Zetec S' and state in (3,8) limit 0, 1]
[2016-05-16 05:31:51] [error: (no data) select model_id, state from cardb_model  where series_id=1126 and model_name='2012款 1.0L EcoBoost' and state in (3,8) limit 0, 1]
[2016-05-16 05:31:51] [error: (no data) select model_id, state from cardb_model  where series_id=1126 and model_name='2012款 旅行版 ST' and state in (3,8) limit 0, 1]
[2016-05-16 05:31:51] [error: (no data) select model_id, state from cardb_model  where series_id=1126 and model_name='2012款 ST-R' and state in (3,8) limit 0, 1]
[2016-05-16 05:31:51] [error: (no data) select model_id, state from cardb_model  where series_id=1126 and model_name='2011款 三厢版' and state in (3,8) limit 0, 1]
[2016-05-16 05:31:51] [error: (no data) select model_id, state from cardb_model  where series_id=1126 and model_name='2011款 两厢版' and state in (3,8) limit 0, 1]
[2016-05-16 05:31:51] [error: (no data) select model_id, state from cardb_model  where series_id=1126 and model_name='2011款 旅行版' and state in (3,8) limit 0, 1]
[2016-05-16 05:31:51] [error: (no data) select model_id, state from cardb_model  where series_id=1126 and model_name='2011款 RS500' and state in (3,8) limit 0, 1]
[2016-05-16 05:31:51] [error: (no data) select model_id, state from cardb_model  where series_id=1126 and model_name='2011款 RS' and state in (3,8) limit 0, 1]
[2016-05-16 05:31:51] [error: (no data) select model_id, state from cardb_model  where series_id=1126 and model_name='2010款 ECOnetic' and state in (3,8) limit 0, 1]
[2016-05-16 05:31:51] [error: (no data) select model_id, state from cardb_model  where series_id=1126 and model_name='2009款 三厢版' and state in (3,8) limit 0, 1]
[2016-05-16 05:31:51] [error: (no data) select model_id, state from cardb_model  where series_id=1126 and model_name='2008款 RS' and state in (3,8) limit 0, 1]
[2016-05-16 05:31:51] [error: (no data) select model_id, state from cardb_model  where series_id=1126 and model_name='2008款 ST' and state in (3,8) limit 0, 1]
[2016-05-16 05:31:51] [error: (no data) select model_id, state from cardb_model  where series_id=1126 and model_name='以往经典版' and state in (3,8) limit 0, 1]
