2016/03/24 14:20:33 in.E:\phpStudy\WWW\cheping\admin\lib\template.class.php.no.E:\phpStudy\WWW\cheping\admin\/template/default/all_series_loan.htm
2016/03/24 14:20:34 in.E:\phpStudy\WWW\cheping\admin\lib\template.class.php.no.E:\phpStudy\WWW\cheping\admin\/template/default/all_series_loan.htm
2016/03/24 14:24:46 in.E:\phpStudy\WWW\cheping\admin\lib\template.class.php.no.E:\phpStudy\WWW\cheping\admin\/template/default/index_allmodel_list.htm
2016/03/24 14:25:41 in.E:\phpStudy\WWW\cheping\admin\lib\template.class.php.no.E:\phpStudy\WWW\cheping\admin\/template/default/index_act_hotcar.htm
2016/03/24 14:25:42 in.E:\phpStudy\WWW\cheping\admin\lib\template.class.php.no.E:\phpStudy\WWW\cheping\admin\/template/default/index_search_act.htm
2016/03/24 14:25:42 in.E:\phpStudy\WWW\cheping\admin\lib\template.class.php.no.E:\phpStudy\WWW\cheping\admin\/template/default/cpindex_focuslist.htm
2016/03/24 14:25:43 in.E:\phpStudy\WWW\cheping\admin\lib\template.class.php.no.E:\phpStudy\WWW\cheping\admin\/template/default/index_search_act.htm
2016/03/24 14:25:45 in.E:\phpStudy\WWW\cheping\admin\lib\template.class.php.no.E:\phpStudy\WWW\cheping\admin\/template/default/cpindex_focuslist.htm
2016/03/24 14:25:47 in.E:\phpStudy\WWW\cheping\admin\lib\template.class.php.no.E:\phpStudy\WWW\cheping\admin\/template/default/cpindex_focuslist.htm
2016/03/24 14:25:48 in.E:\phpStudy\WWW\cheping\admin\lib\template.class.php.no.E:\phpStudy\WWW\cheping\admin\/template/default/cpindex_focuslist.htm
2016/03/24 14:25:50 in.E:\phpStudy\WWW\cheping\admin\lib\template.class.php.no.E:\phpStudy\WWW\cheping\admin\/template/default/index_search_act.htm
2016/03/24 14:25:50 in.E:\phpStudy\WWW\cheping\admin\lib\template.class.php.no.E:\phpStudy\WWW\cheping\admin\/template/default/cpindex_focuslist.htm
2016/03/24 14:25:51 in.E:\phpStudy\WWW\cheping\admin\lib\template.class.php.no.E:\phpStudy\WWW\cheping\admin\/template/default/cpindex_focuslist.htm
2016/03/24 14:25:52 in.E:\phpStudy\WWW\cheping\admin\lib\template.class.php.no.E:\phpStudy\WWW\cheping\admin\/template/default/index_hotart_list.htm
2016/03/24 14:25:53 in.E:\phpStudy\WWW\cheping\admin\lib\template.class.php.no.E:\phpStudy\WWW\cheping\admin\/template/default/index_search_act.htm
2016/03/24 14:26:00 in.E:\phpStudy\WWW\cheping\admin\lib\template.class.php.no.E:\phpStudy\WWW\cheping\admin\/template/default/index_notice.htm
2016/03/24 14:26:19 in.E:\phpStudy\WWW\cheping\admin\lib\template.class.php.no.E:\phpStudy\WWW\cheping\admin\/template/default/cpindex_focuslist.htm
2016/03/24 14:26:21 in.E:\phpStudy\WWW\cheping\admin\lib\template.class.php.no.E:\phpStudy\WWW\cheping\admin\/template/default/cpindex_focuslist.htm
2016/03/24 14:26:36 in.E:\phpStudy\WWW\cheping\admin\lib\template.class.php.no.E:\phpStudy\WWW\cheping\admin\/template/default/cpindex_focuslist.htm
2016/03/24 14:27:10 in.E:\phpStudy\WWW\cheping\admin\lib\template.class.php.no.E:\phpStudy\WWW\cheping\admin\/template/default/cpindex_focuslist.htm
2016/03/24 14:27:11 in.E:\phpStudy\WWW\cheping\admin\lib\template.class.php.no.E:\phpStudy\WWW\cheping\admin\/template/default/cpindex_focuslist.htm
2016/03/24 14:27:13 in.E:\phpStudy\WWW\cheping\admin\lib\template.class.php.no.E:\phpStudy\WWW\cheping\admin\/template/default/cpindex_focuslist.htm
2016/03/24 14:27:14 in.E:\phpStudy\WWW\cheping\admin\lib\template.class.php.no.E:\phpStudy\WWW\cheping\admin\/template/default/cpindex_focuslist.htm
2016/03/24 14:28:14 in.E:\phpStudy\WWW\cheping\admin\lib\template.class.php.no.E:\phpStudy\WWW\cheping\admin\/template/default/cpindex_focuslist.htm
2016/03/24 14:28:15 in.E:\phpStudy\WWW\cheping\admin\lib\template.class.php.no.E:\phpStudy\WWW\cheping\admin\/template/default/cpindex_focuslist.htm
2016/03/24 14:28:18 in.E:\phpStudy\WWW\cheping\admin\lib\template.class.php.no.E:\phpStudy\WWW\cheping\admin\/template/default/cpindex_focuslist.htm
2016/03/24 14:42:11 in.E:\phpStudy\WWW\cheping\admin\lib\template.class.php.no.E:\phpStudy\WWW\cheping\admin\/template/default/cpindex_focuslist.htm
2016/03/24 14:42:12 in.E:\phpStudy\WWW\cheping\admin\lib\template.class.php.no.E:\phpStudy\WWW\cheping\admin\/template/default/cpindex_focuslist.htm
2016/03/24 14:42:14 in.E:\phpStudy\WWW\cheping\admin\lib\template.class.php.no.E:\phpStudy\WWW\cheping\admin\/template/default/cpindex_focuslist.htm
2016/03/24 14:42:15 in.E:\phpStudy\WWW\cheping\admin\lib\template.class.php.no.E:\phpStudy\WWW\cheping\admin\/template/default/cpindex_focuslist.htm
2016/03/24 14:43:14 in.E:\phpStudy\WWW\cheping\admin\lib\template.class.php.no.E:\phpStudy\WWW\cheping\admin\/template/default/cpindex_focuslist.htm
2016/03/24 14:43:15 in.E:\phpStudy\WWW\cheping\admin\lib\template.class.php.no.E:\phpStudy\WWW\cheping\admin\/template/default/cpindex_focuslist.htm
2016/03/24 14:43:16 in.E:\phpStudy\WWW\cheping\admin\lib\template.class.php.no.E:\phpStudy\WWW\cheping\admin\/template/default/cpindex_focuslist.htm
2016/03/24 14:43:18 in.E:\phpStudy\WWW\cheping\admin\lib\template.class.php.no.E:\phpStudy\WWW\cheping\admin\/template/default/cpindex_focuslist.htm
2016/03/24 14:43:19 in.E:\phpStudy\WWW\cheping\admin\lib\template.class.php.no.E:\phpStudy\WWW\cheping\admin\/template/default/cpindex_focuslist.htm
2016/03/24 14:43:19 in.E:\phpStudy\WWW\cheping\admin\lib\template.class.php.no.E:\phpStudy\WWW\cheping\admin\/template/default/cpindex_focuslist.htm
2016/03/24 15:48:05 in.E:\phpStudy\WWW\cheping\admin\lib\template.class.php.no.E:\phpStudy\WWW\cheping\admin\/template/default/index_focus.htm
2016/03/24 15:48:08 in.E:\phpStudy\WWW\cheping\admin\lib\template.class.php.no.E:\phpStudy\WWW\cheping\admin\/template/default/index_focus.htm
2016/03/24 15:48:12 in.E:\phpStudy\WWW\cheping\admin\lib\template.class.php.no.E:\phpStudy\WWW\cheping\admin\/template/default/index_focus.htm
2016/03/24 17:30:43 in.E:\phpStudy\WWW\cheping\admin\lib\template.class.php.no.E:\phpStudy\WWW\cheping\admin\/template/default/index_focus.htm
2016/03/24 17:30:44 in.E:\phpStudy\WWW\cheping\admin\lib\template.class.php.no.E:\phpStudy\WWW\cheping\admin\/template/default/index_focus.htm
2016/03/24 17:37:36 in.E:\phpStudy\WWW\cheping\admin\lib\template.class.php.no.E:\phpStudy\WWW\cheping\admin\/template/default/index_focus.htm
2016/03/24 18:38:09 in.E:\phpStudy\WWW\cheping\admin\lib\template.class.php.no.E:\phpStudy\WWW\cheping\admin\/template/default/index_focus.htm
2016/03/24 18:38:10 in.E:\phpStudy\WWW\cheping\admin\lib\template.class.php.no.E:\phpStudy\WWW\cheping\admin\/template/default/index_focus.htm
2016/03/24 18:38:13 in.E:\phpStudy\WWW\cheping\admin\lib\template.class.php.no.E:\phpStudy\WWW\cheping\admin\/template/default/index_focus.htm
2016/03/25 10:48:23 in.E:\phpStudy\WWW\cheping\admin\lib\template.class.php.no.E:\phpStudy\WWW\cheping\admin\/template/default/pic.htm
2016/03/25 10:48:25 in.E:\phpStudy\WWW\cheping\admin\lib\template.class.php.no.E:\phpStudy\WWW\cheping\admin\/template/default/pic.htm
2016/03/25 10:51:47 in.E:\phpStudy\WWW\cheping\admin\lib\template.class.php.no.E:\phpStudy\WWW\cheping\admin\/template/default/pic.htm
2016/03/25 10:51:48 in.E:\phpStudy\WWW\cheping\admin\lib\template.class.php.no.E:\phpStudy\WWW\cheping\admin\/template/default/pic.htm
2016/03/25 10:53:17 in.E:\phpStudy\WWW\cheping\admin\lib\template.class.php.no.E:\phpStudy\WWW\cheping\admin\/template/default/pic.htm
2016/03/25 10:53:42 in.E:\phpStudy\WWW\cheping\admin\lib\template.class.php.no.E:\phpStudy\WWW\cheping\admin\/template/default/pic.htm
2016/03/25 10:56:29 in.E:\phpStudy\WWW\cheping\admin\lib\template.class.php.no.E:\phpStudy\WWW\cheping\admin\/template/default/pic.htm
2016/03/25 10:57:23 in.E:\phpStudy\WWW\cheping\admin\lib\template.class.php.no.E:\phpStudy\WWW\cheping\admin\/template/default/pic.htm
2016/03/25 10:58:40 in.E:\phpStudy\WWW\cheping\admin\lib\template.class.php.no.E:\phpStudy\WWW\cheping\admin\/template/default/pic.htm
2016/03/25 10:59:44 in.E:\phpStudy\WWW\cheping\admin\lib\template.class.php.no.E:\phpStudy\WWW\cheping\admin\/template/default/pic.htm
2016/03/25 10:59:45 in.E:\phpStudy\WWW\cheping\admin\lib\template.class.php.no.E:\phpStudy\WWW\cheping\admin\/template/default/pic.htm
2016/03/25 11:02:03 in.E:\phpStudy\WWW\cheping\admin\lib\template.class.php.no.E:\phpStudy\WWW\cheping\admin\/template/default/pic.htm
2016/03/25 11:02:21 in.E:\phpStudy\WWW\cheping\admin\lib\template.class.php.no.E:\phpStudy\WWW\cheping\admin\/template/default/pic.htm
2016/03/25 11:02:23 in.E:\phpStudy\WWW\cheping\admin\lib\template.class.php.no.E:\phpStudy\WWW\cheping\admin\/template/default/pic.htm
2016/03/25 11:23:59 in.E:\phpStudy\WWW\cheping\admin\lib\template.class.php.no.E:\phpStudy\WWW\cheping\admin\/template/default/index_focus.htm
2016/03/25 11:24:08 in.E:\phpStudy\WWW\cheping\admin\lib\template.class.php.no.E:\phpStudy\WWW\cheping\admin\/template/default/index_focus.htm
2016/03/25 11:27:02 in.E:\phpStudy\WWW\cheping\admin\lib\template.class.php.no.E:\phpStudy\WWW\cheping\admin\/template/default/cpindex_recommendfocus.htm
2016/03/25 16:21:17 in.E:\phpStudy\WWW\cheping\admin\lib\template.class.php.no.E:\phpStudy\WWW\cheping\admin\/template/default/priceerrorlog.htm
2016/03/25 16:28:46 in.E:\phpStudy\WWW\cheping\admin\lib\template.class.php.no.E:\phpStudy\WWW\cheping\admin\/template/default/nov11_list.htm
2016/03/25 16:28:47 in.E:\phpStudy\WWW\cheping\admin\lib\template.class.php.no.E:\phpStudy\WWW\cheping\admin\/template/default/nov11_list.htm
2016/03/25 16:35:14 in.E:\phpStudy\WWW\cheping\admin\lib\template.class.php.no.E:\phpStudy\WWW\cheping\admin\/template/default/promotion_list.htm
2016/03/25 16:48:46 in.E:\phpStudy\WWW\cheping\admin\lib\template.class.php.no.E:\phpStudy\WWW\cheping\admin\/template/default/grab_yichemall.htm
2016/03/25 16:50:12 in.E:\phpStudy\WWW\cheping\admin\lib\template.class.php.no.E:\phpStudy\WWW\cheping\admin\/template/default/yc_brand.htm
2016/03/25 16:50:16 in.E:\phpStudy\WWW\cheping\admin\lib\template.class.php.no.E:\phpStudy\WWW\cheping\admin\/template/default/yc_factory.htm
2016/03/25 16:50:22 in.E:\phpStudy\WWW\cheping\admin\lib\template.class.php.no.E:\phpStudy\WWW\cheping\admin\/template/default/yc_model.htm
2016/03/25 16:55:30 in.E:\phpStudy\WWW\cheping\admin\lib\template.class.php.no.E:\phpStudy\WWW\cheping\admin\/template/default/yc_brand.htm
2016/03/28 10:59:56 in.E:\phpStudy\WWW\cheping\admin\lib\template.class.php.no.E:\phpStudy\WWW\cheping\admin\/template/default/ssi_newindex_hotcar.htm
2016/03/28 14:29:36 in.E:\phpStudy\WWW\cheping\admin\lib\template.class.php.no.E:\phpStudy\WWW\cheping\admin\/template/default/ssi_newindex_hotcar.htm
2016/03/28 14:30:05 in.E:\phpStudy\WWW\cheping\admin\lib\template.class.php.no.E:\phpStudy\WWW\cheping\admin\/template/default/ssi_newindex_hotcar.htm
2016/03/30 15:29:15 in.E:\phpStudy\WWW\cheping\admin\lib\template.class.php.no.E:\phpStudy\WWW\cheping\admin\/template/default/paramtxt_lists.htm
2016/04/07 13:45:55 in.E:\phpStudy\WWW\cheping\admin\lib\template.class.php.no.E:\phpStudy\WWW\cheping\admin\/template/default/ssi_newindex_.htm
2016/04/07 13:46:00 in.E:\phpStudy\WWW\cheping\admin\lib\template.class.php.no.E:\phpStudy\WWW\cheping\admin\/template/default/ssi_newindex_.htm
2016/04/07 13:51:32 in.E:\phpStudy\WWW\cheping\admin\lib\template.class.php.no.E:\phpStudy\WWW\cheping\admin\/template/default/ssi_newindex_.htm
2016/04/07 13:55:21 in.E:\phpStudy\WWW\cheping\admin\lib\template.class.php.no.E:\phpStudy\WWW\cheping\admin\/template/default/ssi_newindex_.htm
2016/04/07 13:55:51 in.E:\phpStudy\WWW\cheping\admin\lib\template.class.php.no.E:\phpStudy\WWW\cheping\admin\/template/default/ssi_newindex_.htm
2016/05/30 13:26:07 in.E:\phpStudy\WWW\cheping\admin\lib\template.class.php.no.E:\phpStudy\WWW\cheping\admin\/template/default/bbsAddPopularize.htm
2016/05/30 13:26:14 in.E:\phpStudy\WWW\cheping\admin\lib\template.class.php.no.E:\phpStudy\WWW\cheping\admin\/template/default/bbsAddPopularize.htm
